<?xml version="1.0" encoding="UTF-8"?>
<testsuite xmlns:xsi="http://www.w3.org/2001/XMLSchema-instance" xsi:noNamespaceSchemaLocation="https://maven.apache.org/surefire/maven-surefire-plugin/xsd/surefire-test-report-3.0.xsd" version="3.0" name="com.cognizant.main.TestVehicleTypesRepository" time="0.221" tests="6" errors="0" skipped="0" failures="0">
  <properties>
[...]
</properties>
  <testcase name="testFindAllNegative" classname="com.cognizant.main.TestVehicleTypesRepository" time="0.051">
    <system-out><![CDATA[2024-04-24T17:02:28.167+05:30 DEBUG 5824 --- [Vehicle Management Module] [           main] o.s.t.c.support.AbstractContextLoader    : Could not detect default resource locations for test class [com.cognizant.main.TestVehicleTypesRepository]: no resource found for suffixes {-context.xml, Context.groovy}.
2024-04-24T17:02:28.168+05:30 DEBUG 5824 --- [Vehicle Management Module] [           main] b.t.a.o.j.DataJpaTestContextBootstrapper : Using ContextCustomizerFactory implementations for test class [TestVehicleTypesRepository]: [ImportsContextCustomizerFactory, ExcludeFilterContextCustomizerFactory, HttpGraphQlTesterContextCustomizerFactory, DuplicateJsonObjectContextCustomizerFactory, MockitoContextCustomizerFactory, TestRestTemplateContextCustomizerFactory, WebTestClientContextCustomizerFactory, OverrideAutoConfigurationContextCustomizerFactory, ObservabilityContextCustomizerFactory, TypeExcludeFiltersContextCustomizerFactory, PropertyMappingContextCustomizerFactory, WebDriverContextCustomizerFactory, MockServerContainerContextCustomizerFactory, DynamicPropertiesContextCustomizerFactory]
2024-04-24T17:02:28.236+05:30 DEBUG 5824 --- [Vehicle Management Module] [           main] b.t.a.o.j.DataJpaTestContextBootstrapper : Using ContextCustomizers for test class [TestVehicleTypesRepository]: [ImportsContextCustomizer, ExcludeFilterContextCustomizer, DuplicateJsonObjectContextCustomizer, MockitoContextCustomizer, DisableAutoConfigurationContextCustomizer, DisableObservabilityContextCustomizer, TypeExcludeFiltersContextCustomizer, PropertyMappingContextCustomizer, WebDriverContextCustomizer]
2024-04-24T17:02:28.237+05:30 DEBUG 5824 --- [Vehicle Management Module] [           main] .s.t.c.u.TestContextSpringFactoriesUtils : Skipping candidate TestExecutionListener [org.springframework.test.context.observation.MicrometerObservationRegistryTestExecutionListener] due to a missing dependency. Specify custom TestExecutionListener classes or make the default TestExecutionListener classes and their required dependencies available. Offending class: io.micrometer.context.ThreadLocalAccessor. MicrometerObservationRegistryTestExecutionListener requires io.micrometer:micrometer-observation:1.10.8 or higher and io.micrometer:context-propagation:1.0.3 or higher.
2024-04-24T17:02:28.238+05:30 DEBUG 5824 --- [Vehicle Management Module] [           main] b.t.a.o.j.DataJpaTestContextBootstrapper : Using TestExecutionListeners for test class [TestVehicleTypesRepository]: [ServletTestExecutionListener, DirtiesContextBeforeModesTestExecutionListener, ApplicationEventsTestExecutionListener, MockitoTestExecutionListener, DependencyInjectionTestExecutionListener, DirtiesContextTestExecutionListener, TransactionalTestExecutionListener, SqlScriptsTestExecutionListener, EventPublishingTestExecutionListener, ResetMocksTestExecutionListener, RestDocsTestExecutionListener, MockRestServiceServerResetTestExecutionListener, MockMvcPrintOnlyOnFailureTestExecutionListener, WebDriverTestExecutionListener, MockWebServiceServerTestExecutionListener]
2024-04-24T17:02:28.238+05:30 DEBUG 5824 --- [Vehicle Management Module] [           main] sContextBeforeModesTestExecutionListener : Before test class: class [TestVehicleTypesRepository], class annotated with @DirtiesContext [false] with mode [null]
2024-04-24T17:02:28.239+05:30 DEBUG 5824 --- [Vehicle Management Module] [           main] org.springframework.test.context.cache   : Spring test ApplicationContext cache statistics: [DefaultContextCache@491cceb4 size = 2, maxSize = 32, parentContextCount = 0, hitCount = 159, missCount = 2, failureCount = 0]
2024-04-24T17:02:28.240+05:30 DEBUG 5824 --- [Vehicle Management Module] [           main] DependencyInjectionTestExecutionListener : Performing dependency injection for test class com.cognizant.main.TestVehicleTypesRepository
2024-04-24T17:02:28.240+05:30 DEBUG 5824 --- [Vehicle Management Module] [           main] org.springframework.test.context.cache   : Spring test ApplicationContext cache statistics: [DefaultContextCache@491cceb4 size = 2, maxSize = 32, parentContextCount = 0, hitCount = 160, missCount = 2, failureCount = 0]
2024-04-24T17:02:28.241+05:30 DEBUG 5824 --- [Vehicle Management Module] [           main] org.springframework.test.context.cache   : Spring test ApplicationContext cache statistics: [DefaultContextCache@491cceb4 size = 2, maxSize = 32, parentContextCount = 0, hitCount = 161, missCount = 2, failureCount = 0]
2024-04-24T17:02:28.243+05:30 DEBUG 5824 --- [Vehicle Management Module] [           main] sContextBeforeModesTestExecutionListener : Before test method: class [TestVehicleTypesRepository], method [testFindAllNegative], class annotated with @DirtiesContext [false] with mode [null], method annotated with @DirtiesContext [false] with mode [null]
2024-04-24T17:02:28.243+05:30 DEBUG 5824 --- [Vehicle Management Module] [           main] t.c.t.TransactionalTestExecutionListener : Explicit transaction definition [PROPAGATION_REQUIRED,ISOLATION_DEFAULT] found for test class [com.cognizant.main.TestVehicleTypesRepository] and test method [testFindAllNegative]
2024-04-24T17:02:28.243+05:30 DEBUG 5824 --- [Vehicle Management Module] [           main] org.springframework.test.context.cache   : Spring test ApplicationContext cache statistics: [DefaultContextCache@491cceb4 size = 2, maxSize = 32, parentContextCount = 0, hitCount = 162, missCount = 2, failureCount = 0]
2024-04-24T17:02:28.243+05:30 DEBUG 5824 --- [Vehicle Management Module] [           main] t.c.t.TransactionalTestExecutionListener : No method-level @Rollback override: using default rollback [true] for test method [public void com.cognizant.main.TestVehicleTypesRepository.testFindAllNegative()]
2024-04-24T17:02:28.243+05:30 DEBUG 5824 --- [Vehicle Management Module] [           main] o.s.orm.jpa.JpaTransactionManager        : Creating new transaction with name [com.cognizant.main.TestVehicleTypesRepository.testFindAllNegative]: PROPAGATION_REQUIRED,ISOLATION_DEFAULT
2024-04-24T17:02:28.244+05:30 DEBUG 5824 --- [Vehicle Management Module] [           main] o.s.orm.jpa.JpaTransactionManager        : Opened new EntityManager [SessionImpl(488903841<open>)] for JPA transaction
2024-04-24T17:02:28.244+05:30 DEBUG 5824 --- [Vehicle Management Module] [           main] o.h.e.t.internal.TransactionImpl         : On TransactionImpl creation, JpaCompliance#isJpaTransactionComplianceEnabled == false
2024-04-24T17:02:28.244+05:30 DEBUG 5824 --- [Vehicle Management Module] [           main] o.h.e.t.internal.TransactionImpl         : begin
2024-04-24T17:02:28.244+05:30 DEBUG 5824 --- [Vehicle Management Module] [           main] o.s.j.datasource.SimpleDriverDataSource  : Creating new JDBC Driver Connection to [jdbc:h2:mem:77e5e59b-9028-4692-bf3e-2dbb97a1edaf;DB_CLOSE_DELAY=-1;DB_CLOSE_ON_EXIT=false]
2024-04-24T17:02:28.244+05:30 DEBUG 5824 --- [Vehicle Management Module] [           main] o.s.orm.jpa.JpaTransactionManager        : Exposing JPA transaction as JDBC [org.springframework.orm.jpa.vendor.HibernateJpaDialect$HibernateConnectionHandle@37e5111b]
2024-04-24T17:02:28.245+05:30 DEBUG 5824 --- [Vehicle Management Module] [           main] o.s.t.c.transaction.TransactionContext   : Began transaction (1) for test class [com.cognizant.main.TestVehicleTypesRepository]; test method [testFindAllNegative]; transaction manager [org.springframework.orm.jpa.JpaTransactionManager@82b778b]; rollback [true]
2024-04-24T17:02:28.245+05:30 DEBUG 5824 --- [Vehicle Management Module] [           main] org.springframework.test.context.cache   : Spring test ApplicationContext cache statistics: [DefaultContextCache@491cceb4 size = 2, maxSize = 32, parentContextCount = 0, hitCount = 163, missCount = 2, failureCount = 0]
2024-04-24T17:02:28.245+05:30 DEBUG 5824 --- [Vehicle Management Module] [           main] org.springframework.test.context.cache   : Spring test ApplicationContext cache statistics: [DefaultContextCache@491cceb4 size = 2, maxSize = 32, parentContextCount = 0, hitCount = 164, missCount = 2, failureCount = 0]
2024-04-24T17:02:28.246+05:30 DEBUG 5824 --- [Vehicle Management Module] [           main] org.springframework.test.context.cache   : Spring test ApplicationContext cache statistics: [DefaultContextCache@491cceb4 size = 2, maxSize = 32, parentContextCount = 0, hitCount = 165, missCount = 2, failureCount = 0]
2024-04-24T17:02:28.247+05:30 DEBUG 5824 --- [Vehicle Management Module] [           main] o.s.orm.jpa.JpaTransactionManager        : Found thread-bound EntityManager [SessionImpl(488903841<open>)] for JPA transaction
2024-04-24T17:02:28.247+05:30 DEBUG 5824 --- [Vehicle Management Module] [           main] o.s.orm.jpa.JpaTransactionManager        : Participating in existing transaction
2024-04-24T17:02:28.248+05:30 DEBUG 5824 --- [Vehicle Management Module] [           main] org.hibernate.orm.sql.ast.create         : Created new SQL alias : vt1_0
2024-04-24T17:02:28.248+05:30 DEBUG 5824 --- [Vehicle Management Module] [           main] org.hibernate.orm.sql.ast.create         : Registration of TableGroup [StandardTableGroup(com.cognizant.main.entities.VehicleTypes(104029354815100))] with identifierForTableGroup [com.cognizant.main.entities.VehicleTypes] for NavigablePath [com.cognizant.main.entities.VehicleTypes] 
2024-04-24T17:02:28.249+05:30 DEBUG 5824 --- [Vehicle Management Module] [           main] org.hibernate.orm.results.graph.AST      : DomainResult Graph:
 \-EntityResultImpl [com.cognizant.main.entities.VehicleTypes(104029354815100)]
 |  +-BasicFetch [com.cognizant.main.entities.VehicleTypes(104029354815100).FarePerKM]
 |  +-BasicFetch [com.cognizant.main.entities.VehicleTypes(104029354815100).MaxPassengersAllowed]
 |  +-BasicFetch [com.cognizant.main.entities.VehicleTypes(104029354815100).Type]
 |  \-DelayedCollectionFetch [com.cognizant.main.entities.VehicleTypes(104029354815100).vechicles]

2024-04-24T17:02:28.249+05:30 DEBUG 5824 --- [Vehicle Management Module] [           main] org.hibernate.orm.sql.ast.tree           : SQL AST Tree:
    SelectStatement {
      FromClause {
        StandardTableGroup (vt1 : com.cognizant.main.entities.VehicleTypes(104029354815100)) {
          primaryTableReference : vechicle_types as vt1_0
        }
      }
    }

2024-04-24T17:02:28.249+05:30 DEBUG 5824 --- [Vehicle Management Module] [           main] org.hibernate.orm.sql.exec               : Skipping reading Query result cache data: cache-enabled = false, cache-mode = NORMAL
2024-04-24T17:02:28.249+05:30 DEBUG 5824 --- [Vehicle Management Module] [           main] org.hibernate.orm.results                : Initializer list:
	  com.cognizant.main.entities.VehicleTypes(104029354815100).vechicles -> DelayedCollectionInitializer(com.cognizant.main.entities.VehicleTypes(104029354815100).vechicles)@738538807 (PluralAttribute(com.cognizant.main.entities.VehicleTypes.vechicles))
	  com.cognizant.main.entities.VehicleTypes(104029354815100) -> EntityResultInitializer(com.cognizant.main.entities.VehicleTypes(104029354815100))@1820711912 (SingleTableEntityPersister(com.cognizant.main.entities.VehicleTypes))

2024-04-24T17:02:28.249+05:30 DEBUG 5824 --- [Vehicle Management Module] [           main] org.hibernate.SQL                        : select vt1_0.id,vt1_0.fare_perkm,vt1_0.max_passengers_allowed,vt1_0.type from vechicle_types vt1_0
Hibernate: select vt1_0.id,vt1_0.fare_perkm,vt1_0.max_passengers_allowed,vt1_0.type from vechicle_types vt1_0
2024-04-24T17:02:28.251+05:30 DEBUG 5824 --- [Vehicle Management Module] [           main] org.hibernate.orm.results                : Extracted JDBC value [0] - [1]
2024-04-24T17:02:28.251+05:30 DEBUG 5824 --- [Vehicle Management Module] [           main] o.hibernate.orm.results.loading.entity   : (EntityResultInitializer) Hydrated EntityKey (com.cognizant.main.entities.VehicleTypes(104029354815100)): 1
2024-04-24T17:02:28.251+05:30 DEBUG 5824 --- [Vehicle Management Module] [           main] org.hibernate.orm.results                : Extracted JDBC value [0] - [1]
2024-04-24T17:02:28.256+05:30 DEBUG 5824 --- [Vehicle Management Module] [           main] o.h.o.r.l.o.h.o.r.loading.collection     : (DelayedCollectionInitializer) Current row collection key : com.cognizant.main.entities.VehicleTypes(104029354815100).vechicles#1
2024-04-24T17:02:28.256+05:30 DEBUG 5824 --- [Vehicle Management Module] [           main] o.hibernate.orm.results.loading.entity   : (EntityResultInitializer) Created new entity instance [com.cognizant.main.entities.VehicleTypes(104029354815100)#1] : 2019235966
2024-04-24T17:02:28.277+05:30 DEBUG 5824 --- [Vehicle Management Module] [           main] org.hibernate.orm.results                : Extracted JDBC value [1] - [10]
2024-04-24T17:02:28.277+05:30 DEBUG 5824 --- [Vehicle Management Module] [           main] org.hibernate.orm.results                : Extracted JDBC value [2] - [2]
2024-04-24T17:02:28.277+05:30 DEBUG 5824 --- [Vehicle Management Module] [           main] org.hibernate.orm.results                : Extracted JDBC value [3] - [2]
2024-04-24T17:02:28.280+05:30 DEBUG 5824 --- [Vehicle Management Module] [           main] o.hibernate.orm.results.loading.entity   : (EntityResultInitializer) Done materializing entityInstance : com.cognizant.main.entities.VehicleTypes(104029354815100)#1
2024-04-24T17:02:28.280+05:30 DEBUG 5824 --- [Vehicle Management Module] [           main] org.hibernate.orm.results.loading        : Calling top-level assembler (0 / 1) : org.hibernate.sql.results.graph.entity.internal.EntityAssembler@4d17ce84
2024-04-24T17:02:28.282+05:30 DEBUG 5824 --- [Vehicle Management Module] [           main] org.hibernate.orm.results                : Extracted JDBC value [0] - [2]
2024-04-24T17:02:28.282+05:30 DEBUG 5824 --- [Vehicle Management Module] [           main] o.hibernate.orm.results.loading.entity   : (EntityResultInitializer) Hydrated EntityKey (com.cognizant.main.entities.VehicleTypes(104029354815100)): 2
2024-04-24T17:02:28.282+05:30 DEBUG 5824 --- [Vehicle Management Module] [           main] org.hibernate.orm.results                : Extracted JDBC value [0] - [2]
2024-04-24T17:02:28.282+05:30 DEBUG 5824 --- [Vehicle Management Module] [           main] o.h.o.r.l.o.h.o.r.loading.collection     : (DelayedCollectionInitializer) Current row collection key : com.cognizant.main.entities.VehicleTypes(104029354815100).vechicles#2
2024-04-24T17:02:28.282+05:30 DEBUG 5824 --- [Vehicle Management Module] [           main] o.hibernate.orm.results.loading.entity   : (EntityResultInitializer) Created new entity instance [com.cognizant.main.entities.VehicleTypes(104029354815100)#2] : 1044894821
2024-04-24T17:02:28.282+05:30 DEBUG 5824 --- [Vehicle Management Module] [           main] org.hibernate.orm.results                : Extracted JDBC value [1] - [20]
2024-04-24T17:02:28.282+05:30 DEBUG 5824 --- [Vehicle Management Module] [           main] org.hibernate.orm.results                : Extracted JDBC value [2] - [5]
2024-04-24T17:02:28.282+05:30 DEBUG 5824 --- [Vehicle Management Module] [           main] org.hibernate.orm.results                : Extracted JDBC value [3] - [4]
2024-04-24T17:02:28.283+05:30 DEBUG 5824 --- [Vehicle Management Module] [           main] o.hibernate.orm.results.loading.entity   : (EntityResultInitializer) Done materializing entityInstance : com.cognizant.main.entities.VehicleTypes(104029354815100)#2
2024-04-24T17:02:28.283+05:30 DEBUG 5824 --- [Vehicle Management Module] [           main] org.hibernate.orm.results.loading        : Calling top-level assembler (0 / 1) : org.hibernate.sql.results.graph.entity.internal.EntityAssembler@4d17ce84
2024-04-24T17:02:28.287+05:30 DEBUG 5824 --- [Vehicle Management Module] [           main] org.springframework.test.context.cache   : Spring test ApplicationContext cache statistics: [DefaultContextCache@491cceb4 size = 2, maxSize = 32, parentContextCount = 0, hitCount = 166, missCount = 2, failureCount = 0]
2024-04-24T17:02:28.288+05:30 DEBUG 5824 --- [Vehicle Management Module] [           main] org.springframework.test.context.cache   : Spring test ApplicationContext cache statistics: [DefaultContextCache@491cceb4 size = 2, maxSize = 32, parentContextCount = 0, hitCount = 167, missCount = 2, failureCount = 0]
2024-04-24T17:02:28.288+05:30 DEBUG 5824 --- [Vehicle Management Module] [           main] org.springframework.test.context.cache   : Spring test ApplicationContext cache statistics: [DefaultContextCache@491cceb4 size = 2, maxSize = 32, parentContextCount = 0, hitCount = 168, missCount = 2, failureCount = 0]
2024-04-24T17:02:28.288+05:30 DEBUG 5824 --- [Vehicle Management Module] [           main] org.springframework.test.context.cache   : Spring test ApplicationContext cache statistics: [DefaultContextCache@491cceb4 size = 2, maxSize = 32, parentContextCount = 0, hitCount = 169, missCount = 2, failureCount = 0]
2024-04-24T17:02:28.289+05:30 DEBUG 5824 --- [Vehicle Management Module] [           main] org.springframework.test.context.cache   : Spring test ApplicationContext cache statistics: [DefaultContextCache@491cceb4 size = 2, maxSize = 32, parentContextCount = 0, hitCount = 170, missCount = 2, failureCount = 0]
2024-04-24T17:02:28.290+05:30 DEBUG 5824 --- [Vehicle Management Module] [           main] org.springframework.test.context.cache   : Spring test ApplicationContext cache statistics: [DefaultContextCache@491cceb4 size = 2, maxSize = 32, parentContextCount = 0, hitCount = 171, missCount = 2, failureCount = 0]
2024-04-24T17:02:28.290+05:30 DEBUG 5824 --- [Vehicle Management Module] [           main] o.s.orm.jpa.JpaTransactionManager        : Initiating transaction rollback
2024-04-24T17:02:28.291+05:30 DEBUG 5824 --- [Vehicle Management Module] [           main] o.s.orm.jpa.JpaTransactionManager        : Rolling back JPA transaction on EntityManager [SessionImpl(488903841<open>)]
2024-04-24T17:02:28.291+05:30 DEBUG 5824 --- [Vehicle Management Module] [           main] o.h.e.t.internal.TransactionImpl         : rolling back
2024-04-24T17:02:28.292+05:30 DEBUG 5824 --- [Vehicle Management Module] [           main] o.s.orm.jpa.JpaTransactionManager        : Closing JPA EntityManager [SessionImpl(488903841<open>)] after transaction
2024-04-24T17:02:28.293+05:30 DEBUG 5824 --- [Vehicle Management Module] [           main] o.s.t.c.transaction.TransactionContext   : Rolled back transaction (1) for test class [com.cognizant.main.TestVehicleTypesRepository]; test method [testFindAllNegative]
2024-04-24T17:02:28.293+05:30 DEBUG 5824 --- [Vehicle Management Module] [           main] .c.s.DirtiesContextTestExecutionListener : After test method: class [TestVehicleTypesRepository], method [testFindAllNegative], class annotated with @DirtiesContext [false] with mode [null], method annotated with @DirtiesContext [false] with mode [null]
]]></system-out>
  </testcase>
  <testcase name="testFindByIdPositive" classname="com.cognizant.main.TestVehicleTypesRepository" time="0.017">
    <system-out><![CDATA[2024-04-24T17:02:28.294+05:30 DEBUG 5824 --- [Vehicle Management Module] [           main] DependencyInjectionTestExecutionListener : Performing dependency injection for test class com.cognizant.main.TestVehicleTypesRepository
2024-04-24T17:02:28.295+05:30 DEBUG 5824 --- [Vehicle Management Module] [           main] org.springframework.test.context.cache   : Spring test ApplicationContext cache statistics: [DefaultContextCache@491cceb4 size = 2, maxSize = 32, parentContextCount = 0, hitCount = 172, missCount = 2, failureCount = 0]
2024-04-24T17:02:28.295+05:30 DEBUG 5824 --- [Vehicle Management Module] [           main] org.springframework.test.context.cache   : Spring test ApplicationContext cache statistics: [DefaultContextCache@491cceb4 size = 2, maxSize = 32, parentContextCount = 0, hitCount = 173, missCount = 2, failureCount = 0]
2024-04-24T17:02:28.297+05:30 DEBUG 5824 --- [Vehicle Management Module] [           main] sContextBeforeModesTestExecutionListener : Before test method: class [TestVehicleTypesRepository], method [testFindByIdPositive], class annotated with @DirtiesContext [false] with mode [null], method annotated with @DirtiesContext [false] with mode [null]
2024-04-24T17:02:28.297+05:30 DEBUG 5824 --- [Vehicle Management Module] [           main] t.c.t.TransactionalTestExecutionListener : Explicit transaction definition [PROPAGATION_REQUIRED,ISOLATION_DEFAULT] found for test class [com.cognizant.main.TestVehicleTypesRepository] and test method [testFindByIdPositive]
2024-04-24T17:02:28.298+05:30 DEBUG 5824 --- [Vehicle Management Module] [           main] org.springframework.test.context.cache   : Spring test ApplicationContext cache statistics: [DefaultContextCache@491cceb4 size = 2, maxSize = 32, parentContextCount = 0, hitCount = 174, missCount = 2, failureCount = 0]
2024-04-24T17:02:28.299+05:30 DEBUG 5824 --- [Vehicle Management Module] [           main] t.c.t.TransactionalTestExecutionListener : No method-level @Rollback override: using default rollback [true] for test method [public void com.cognizant.main.TestVehicleTypesRepository.testFindByIdPositive()]
2024-04-24T17:02:28.299+05:30 DEBUG 5824 --- [Vehicle Management Module] [           main] o.s.orm.jpa.JpaTransactionManager        : Creating new transaction with name [com.cognizant.main.TestVehicleTypesRepository.testFindByIdPositive]: PROPAGATION_REQUIRED,ISOLATION_DEFAULT
2024-04-24T17:02:28.299+05:30 DEBUG 5824 --- [Vehicle Management Module] [           main] o.s.orm.jpa.JpaTransactionManager        : Opened new EntityManager [SessionImpl(602658198<open>)] for JPA transaction
2024-04-24T17:02:28.299+05:30 DEBUG 5824 --- [Vehicle Management Module] [           main] o.h.e.t.internal.TransactionImpl         : On TransactionImpl creation, JpaCompliance#isJpaTransactionComplianceEnabled == false
2024-04-24T17:02:28.299+05:30 DEBUG 5824 --- [Vehicle Management Module] [           main] o.h.e.t.internal.TransactionImpl         : begin
2024-04-24T17:02:28.299+05:30 DEBUG 5824 --- [Vehicle Management Module] [           main] o.s.j.datasource.SimpleDriverDataSource  : Creating new JDBC Driver Connection to [jdbc:h2:mem:77e5e59b-9028-4692-bf3e-2dbb97a1edaf;DB_CLOSE_DELAY=-1;DB_CLOSE_ON_EXIT=false]
2024-04-24T17:02:28.303+05:30 DEBUG 5824 --- [Vehicle Management Module] [           main] o.s.orm.jpa.JpaTransactionManager        : Exposing JPA transaction as JDBC [org.springframework.orm.jpa.vendor.HibernateJpaDialect$HibernateConnectionHandle@2e1bbf2a]
2024-04-24T17:02:28.303+05:30 DEBUG 5824 --- [Vehicle Management Module] [           main] o.s.t.c.transaction.TransactionContext   : Began transaction (1) for test class [com.cognizant.main.TestVehicleTypesRepository]; test method [testFindByIdPositive]; transaction manager [org.springframework.orm.jpa.JpaTransactionManager@82b778b]; rollback [true]
2024-04-24T17:02:28.305+05:30 DEBUG 5824 --- [Vehicle Management Module] [           main] org.springframework.test.context.cache   : Spring test ApplicationContext cache statistics: [DefaultContextCache@491cceb4 size = 2, maxSize = 32, parentContextCount = 0, hitCount = 175, missCount = 2, failureCount = 0]
2024-04-24T17:02:28.305+05:30 DEBUG 5824 --- [Vehicle Management Module] [           main] org.springframework.test.context.cache   : Spring test ApplicationContext cache statistics: [DefaultContextCache@491cceb4 size = 2, maxSize = 32, parentContextCount = 0, hitCount = 176, missCount = 2, failureCount = 0]
2024-04-24T17:02:28.306+05:30 DEBUG 5824 --- [Vehicle Management Module] [           main] org.springframework.test.context.cache   : Spring test ApplicationContext cache statistics: [DefaultContextCache@491cceb4 size = 2, maxSize = 32, parentContextCount = 0, hitCount = 177, missCount = 2, failureCount = 0]
2024-04-24T17:02:28.308+05:30 DEBUG 5824 --- [Vehicle Management Module] [           main] o.s.orm.jpa.JpaTransactionManager        : Found thread-bound EntityManager [SessionImpl(602658198<open>)] for JPA transaction
2024-04-24T17:02:28.308+05:30 DEBUG 5824 --- [Vehicle Management Module] [           main] o.s.orm.jpa.JpaTransactionManager        : Participating in existing transaction
2024-04-24T17:02:28.310+05:30 DEBUG 5824 --- [Vehicle Management Module] [           main] org.springframework.test.context.cache   : Spring test ApplicationContext cache statistics: [DefaultContextCache@491cceb4 size = 2, maxSize = 32, parentContextCount = 0, hitCount = 178, missCount = 2, failureCount = 0]
2024-04-24T17:02:28.311+05:30 DEBUG 5824 --- [Vehicle Management Module] [           main] org.springframework.test.context.cache   : Spring test ApplicationContext cache statistics: [DefaultContextCache@491cceb4 size = 2, maxSize = 32, parentContextCount = 0, hitCount = 179, missCount = 2, failureCount = 0]
2024-04-24T17:02:28.311+05:30 DEBUG 5824 --- [Vehicle Management Module] [           main] org.springframework.test.context.cache   : Spring test ApplicationContext cache statistics: [DefaultContextCache@491cceb4 size = 2, maxSize = 32, parentContextCount = 0, hitCount = 180, missCount = 2, failureCount = 0]
2024-04-24T17:02:28.311+05:30 DEBUG 5824 --- [Vehicle Management Module] [           main] org.springframework.test.context.cache   : Spring test ApplicationContext cache statistics: [DefaultContextCache@491cceb4 size = 2, maxSize = 32, parentContextCount = 0, hitCount = 181, missCount = 2, failureCount = 0]
2024-04-24T17:02:28.311+05:30 DEBUG 5824 --- [Vehicle Management Module] [           main] org.springframework.test.context.cache   : Spring test ApplicationContext cache statistics: [DefaultContextCache@491cceb4 size = 2, maxSize = 32, parentContextCount = 0, hitCount = 182, missCount = 2, failureCount = 0]
2024-04-24T17:02:28.312+05:30 DEBUG 5824 --- [Vehicle Management Module] [           main] org.springframework.test.context.cache   : Spring test ApplicationContext cache statistics: [DefaultContextCache@491cceb4 size = 2, maxSize = 32, parentContextCount = 0, hitCount = 183, missCount = 2, failureCount = 0]
2024-04-24T17:02:28.313+05:30 DEBUG 5824 --- [Vehicle Management Module] [           main] o.s.orm.jpa.JpaTransactionManager        : Initiating transaction rollback
2024-04-24T17:02:28.313+05:30 DEBUG 5824 --- [Vehicle Management Module] [           main] o.s.orm.jpa.JpaTransactionManager        : Rolling back JPA transaction on EntityManager [SessionImpl(602658198<open>)]
2024-04-24T17:02:28.313+05:30 DEBUG 5824 --- [Vehicle Management Module] [           main] o.h.e.t.internal.TransactionImpl         : rolling back
2024-04-24T17:02:28.313+05:30 DEBUG 5824 --- [Vehicle Management Module] [           main] o.s.orm.jpa.JpaTransactionManager        : Closing JPA EntityManager [SessionImpl(602658198<open>)] after transaction
2024-04-24T17:02:28.313+05:30 DEBUG 5824 --- [Vehicle Management Module] [           main] o.s.t.c.transaction.TransactionContext   : Rolled back transaction (1) for test class [com.cognizant.main.TestVehicleTypesRepository]; test method [testFindByIdPositive]
2024-04-24T17:02:28.313+05:30 DEBUG 5824 --- [Vehicle Management Module] [           main] .c.s.DirtiesContextTestExecutionListener : After test method: class [TestVehicleTypesRepository], method [testFindByIdPositive], class annotated with @DirtiesContext [false] with mode [null], method annotated with @DirtiesContext [false] with mode [null]
]]></system-out>
  </testcase>
  <testcase name="testFindByIdNegative" classname="com.cognizant.main.TestVehicleTypesRepository" time="0.013">
    <system-out><![CDATA[2024-04-24T17:02:28.314+05:30 DEBUG 5824 --- [Vehicle Management Module] [           main] DependencyInjectionTestExecutionListener : Performing dependency injection for test class com.cognizant.main.TestVehicleTypesRepository
2024-04-24T17:02:28.314+05:30 DEBUG 5824 --- [Vehicle Management Module] [           main] org.springframework.test.context.cache   : Spring test ApplicationContext cache statistics: [DefaultContextCache@491cceb4 size = 2, maxSize = 32, parentContextCount = 0, hitCount = 184, missCount = 2, failureCount = 0]
2024-04-24T17:02:28.315+05:30 DEBUG 5824 --- [Vehicle Management Module] [           main] org.springframework.test.context.cache   : Spring test ApplicationContext cache statistics: [DefaultContextCache@491cceb4 size = 2, maxSize = 32, parentContextCount = 0, hitCount = 185, missCount = 2, failureCount = 0]
2024-04-24T17:02:28.316+05:30 DEBUG 5824 --- [Vehicle Management Module] [           main] sContextBeforeModesTestExecutionListener : Before test method: class [TestVehicleTypesRepository], method [testFindByIdNegative], class annotated with @DirtiesContext [false] with mode [null], method annotated with @DirtiesContext [false] with mode [null]
2024-04-24T17:02:28.316+05:30 DEBUG 5824 --- [Vehicle Management Module] [           main] t.c.t.TransactionalTestExecutionListener : Explicit transaction definition [PROPAGATION_REQUIRED,ISOLATION_DEFAULT] found for test class [com.cognizant.main.TestVehicleTypesRepository] and test method [testFindByIdNegative]
2024-04-24T17:02:28.317+05:30 DEBUG 5824 --- [Vehicle Management Module] [           main] org.springframework.test.context.cache   : Spring test ApplicationContext cache statistics: [DefaultContextCache@491cceb4 size = 2, maxSize = 32, parentContextCount = 0, hitCount = 186, missCount = 2, failureCount = 0]
2024-04-24T17:02:28.317+05:30 DEBUG 5824 --- [Vehicle Management Module] [           main] t.c.t.TransactionalTestExecutionListener : No method-level @Rollback override: using default rollback [true] for test method [public void com.cognizant.main.TestVehicleTypesRepository.testFindByIdNegative()]
2024-04-24T17:02:28.317+05:30 DEBUG 5824 --- [Vehicle Management Module] [           main] o.s.orm.jpa.JpaTransactionManager        : Creating new transaction with name [com.cognizant.main.TestVehicleTypesRepository.testFindByIdNegative]: PROPAGATION_REQUIRED,ISOLATION_DEFAULT
2024-04-24T17:02:28.317+05:30 DEBUG 5824 --- [Vehicle Management Module] [           main] o.s.orm.jpa.JpaTransactionManager        : Opened new EntityManager [SessionImpl(2078236457<open>)] for JPA transaction
2024-04-24T17:02:28.317+05:30 DEBUG 5824 --- [Vehicle Management Module] [           main] o.h.e.t.internal.TransactionImpl         : On TransactionImpl creation, JpaCompliance#isJpaTransactionComplianceEnabled == false
2024-04-24T17:02:28.317+05:30 DEBUG 5824 --- [Vehicle Management Module] [           main] o.h.e.t.internal.TransactionImpl         : begin
2024-04-24T17:02:28.317+05:30 DEBUG 5824 --- [Vehicle Management Module] [           main] o.s.j.datasource.SimpleDriverDataSource  : Creating new JDBC Driver Connection to [jdbc:h2:mem:77e5e59b-9028-4692-bf3e-2dbb97a1edaf;DB_CLOSE_DELAY=-1;DB_CLOSE_ON_EXIT=false]
2024-04-24T17:02:28.319+05:30 DEBUG 5824 --- [Vehicle Management Module] [           main] o.s.orm.jpa.JpaTransactionManager        : Exposing JPA transaction as JDBC [org.springframework.orm.jpa.vendor.HibernateJpaDialect$HibernateConnectionHandle@1a4c84b]
2024-04-24T17:02:28.319+05:30 DEBUG 5824 --- [Vehicle Management Module] [           main] o.s.t.c.transaction.TransactionContext   : Began transaction (1) for test class [com.cognizant.main.TestVehicleTypesRepository]; test method [testFindByIdNegative]; transaction manager [org.springframework.orm.jpa.JpaTransactionManager@82b778b]; rollback [true]
2024-04-24T17:02:28.320+05:30 DEBUG 5824 --- [Vehicle Management Module] [           main] org.springframework.test.context.cache   : Spring test ApplicationContext cache statistics: [DefaultContextCache@491cceb4 size = 2, maxSize = 32, parentContextCount = 0, hitCount = 187, missCount = 2, failureCount = 0]
2024-04-24T17:02:28.320+05:30 DEBUG 5824 --- [Vehicle Management Module] [           main] org.springframework.test.context.cache   : Spring test ApplicationContext cache statistics: [DefaultContextCache@491cceb4 size = 2, maxSize = 32, parentContextCount = 0, hitCount = 188, missCount = 2, failureCount = 0]
2024-04-24T17:02:28.321+05:30 DEBUG 5824 --- [Vehicle Management Module] [           main] org.springframework.test.context.cache   : Spring test ApplicationContext cache statistics: [DefaultContextCache@491cceb4 size = 2, maxSize = 32, parentContextCount = 0, hitCount = 189, missCount = 2, failureCount = 0]
2024-04-24T17:02:28.322+05:30 DEBUG 5824 --- [Vehicle Management Module] [           main] o.s.orm.jpa.JpaTransactionManager        : Found thread-bound EntityManager [SessionImpl(2078236457<open>)] for JPA transaction
2024-04-24T17:02:28.322+05:30 DEBUG 5824 --- [Vehicle Management Module] [           main] o.s.orm.jpa.JpaTransactionManager        : Participating in existing transaction
2024-04-24T17:02:28.322+05:30 DEBUG 5824 --- [Vehicle Management Module] [           main] org.hibernate.orm.sql.exec               : Skipping reading Query result cache data: cache-enabled = false, cache-mode = IGNORE
2024-04-24T17:02:28.323+05:30 DEBUG 5824 --- [Vehicle Management Module] [           main] org.hibernate.orm.results                : Initializer list:
	  com.cognizant.main.entities.VehicleTypes -> EntityResultInitializer(com.cognizant.main.entities.VehicleTypes)@904937117 (SingleTableEntityPersister(com.cognizant.main.entities.VehicleTypes))
	  com.cognizant.main.entities.VehicleTypes.vechicles -> DelayedCollectionInitializer(com.cognizant.main.entities.VehicleTypes.vechicles)@109382658 (PluralAttribute(com.cognizant.main.entities.VehicleTypes.vechicles))

2024-04-24T17:02:28.323+05:30 DEBUG 5824 --- [Vehicle Management Module] [           main] org.hibernate.SQL                        : select vt1_0.id,vt1_0.fare_perkm,vt1_0.max_passengers_allowed,vt1_0.type from vechicle_types vt1_0 where vt1_0.id=?
Hibernate: select vt1_0.id,vt1_0.fare_perkm,vt1_0.max_passengers_allowed,vt1_0.type from vechicle_types vt1_0 where vt1_0.id=?
2024-04-24T17:02:28.325+05:30 DEBUG 5824 --- [Vehicle Management Module] [           main] org.springframework.test.context.cache   : Spring test ApplicationContext cache statistics: [DefaultContextCache@491cceb4 size = 2, maxSize = 32, parentContextCount = 0, hitCount = 190, missCount = 2, failureCount = 0]
2024-04-24T17:02:28.325+05:30 DEBUG 5824 --- [Vehicle Management Module] [           main] org.springframework.test.context.cache   : Spring test ApplicationContext cache statistics: [DefaultContextCache@491cceb4 size = 2, maxSize = 32, parentContextCount = 0, hitCount = 191, missCount = 2, failureCount = 0]
2024-04-24T17:02:28.325+05:30 DEBUG 5824 --- [Vehicle Management Module] [           main] org.springframework.test.context.cache   : Spring test ApplicationContext cache statistics: [DefaultContextCache@491cceb4 size = 2, maxSize = 32, parentContextCount = 0, hitCount = 192, missCount = 2, failureCount = 0]
2024-04-24T17:02:28.326+05:30 DEBUG 5824 --- [Vehicle Management Module] [           main] org.springframework.test.context.cache   : Spring test ApplicationContext cache statistics: [DefaultContextCache@491cceb4 size = 2, maxSize = 32, parentContextCount = 0, hitCount = 193, missCount = 2, failureCount = 0]
2024-04-24T17:02:28.326+05:30 DEBUG 5824 --- [Vehicle Management Module] [           main] org.springframework.test.context.cache   : Spring test ApplicationContext cache statistics: [DefaultContextCache@491cceb4 size = 2, maxSize = 32, parentContextCount = 0, hitCount = 194, missCount = 2, failureCount = 0]
2024-04-24T17:02:28.327+05:30 DEBUG 5824 --- [Vehicle Management Module] [           main] org.springframework.test.context.cache   : Spring test ApplicationContext cache statistics: [DefaultContextCache@491cceb4 size = 2, maxSize = 32, parentContextCount = 0, hitCount = 195, missCount = 2, failureCount = 0]
2024-04-24T17:02:28.327+05:30 DEBUG 5824 --- [Vehicle Management Module] [           main] o.s.orm.jpa.JpaTransactionManager        : Initiating transaction rollback
2024-04-24T17:02:28.327+05:30 DEBUG 5824 --- [Vehicle Management Module] [           main] o.s.orm.jpa.JpaTransactionManager        : Rolling back JPA transaction on EntityManager [SessionImpl(2078236457<open>)]
2024-04-24T17:02:28.327+05:30 DEBUG 5824 --- [Vehicle Management Module] [           main] o.h.e.t.internal.TransactionImpl         : rolling back
2024-04-24T17:02:28.328+05:30 DEBUG 5824 --- [Vehicle Management Module] [           main] o.s.orm.jpa.JpaTransactionManager        : Closing JPA EntityManager [SessionImpl(2078236457<open>)] after transaction
2024-04-24T17:02:28.328+05:30 DEBUG 5824 --- [Vehicle Management Module] [           main] o.s.t.c.transaction.TransactionContext   : Rolled back transaction (1) for test class [com.cognizant.main.TestVehicleTypesRepository]; test method [testFindByIdNegative]
2024-04-24T17:02:28.328+05:30 DEBUG 5824 --- [Vehicle Management Module] [           main] .c.s.DirtiesContextTestExecutionListener : After test method: class [TestVehicleTypesRepository], method [testFindByIdNegative], class annotated with @DirtiesContext [false] with mode [null], method annotated with @DirtiesContext [false] with mode [null]
]]></system-out>
  </testcase>
  <testcase name="testSavePositive" classname="com.cognizant.main.TestVehicleTypesRepository" time="0.018">
    <system-out><![CDATA[2024-04-24T17:02:28.329+05:30 DEBUG 5824 --- [Vehicle Management Module] [           main] DependencyInjectionTestExecutionListener : Performing dependency injection for test class com.cognizant.main.TestVehicleTypesRepository
2024-04-24T17:02:28.329+05:30 DEBUG 5824 --- [Vehicle Management Module] [           main] org.springframework.test.context.cache   : Spring test ApplicationContext cache statistics: [DefaultContextCache@491cceb4 size = 2, maxSize = 32, parentContextCount = 0, hitCount = 196, missCount = 2, failureCount = 0]
2024-04-24T17:02:28.330+05:30 DEBUG 5824 --- [Vehicle Management Module] [           main] org.springframework.test.context.cache   : Spring test ApplicationContext cache statistics: [DefaultContextCache@491cceb4 size = 2, maxSize = 32, parentContextCount = 0, hitCount = 197, missCount = 2, failureCount = 0]
2024-04-24T17:02:28.331+05:30 DEBUG 5824 --- [Vehicle Management Module] [           main] sContextBeforeModesTestExecutionListener : Before test method: class [TestVehicleTypesRepository], method [testSavePositive], class annotated with @DirtiesContext [false] with mode [null], method annotated with @DirtiesContext [false] with mode [null]
2024-04-24T17:02:28.332+05:30 DEBUG 5824 --- [Vehicle Management Module] [           main] t.c.t.TransactionalTestExecutionListener : Explicit transaction definition [PROPAGATION_REQUIRED,ISOLATION_DEFAULT] found for test class [com.cognizant.main.TestVehicleTypesRepository] and test method [testSavePositive]
2024-04-24T17:02:28.332+05:30 DEBUG 5824 --- [Vehicle Management Module] [           main] org.springframework.test.context.cache   : Spring test ApplicationContext cache statistics: [DefaultContextCache@491cceb4 size = 2, maxSize = 32, parentContextCount = 0, hitCount = 198, missCount = 2, failureCount = 0]
2024-04-24T17:02:28.332+05:30 DEBUG 5824 --- [Vehicle Management Module] [           main] t.c.t.TransactionalTestExecutionListener : No method-level @Rollback override: using default rollback [true] for test method [public void com.cognizant.main.TestVehicleTypesRepository.testSavePositive()]
2024-04-24T17:02:28.332+05:30 DEBUG 5824 --- [Vehicle Management Module] [           main] o.s.orm.jpa.JpaTransactionManager        : Creating new transaction with name [com.cognizant.main.TestVehicleTypesRepository.testSavePositive]: PROPAGATION_REQUIRED,ISOLATION_DEFAULT
2024-04-24T17:02:28.334+05:30 DEBUG 5824 --- [Vehicle Management Module] [           main] o.s.orm.jpa.JpaTransactionManager        : Opened new EntityManager [SessionImpl(1156306409<open>)] for JPA transaction
2024-04-24T17:02:28.334+05:30 DEBUG 5824 --- [Vehicle Management Module] [           main] o.h.e.t.internal.TransactionImpl         : On TransactionImpl creation, JpaCompliance#isJpaTransactionComplianceEnabled == false
2024-04-24T17:02:28.334+05:30 DEBUG 5824 --- [Vehicle Management Module] [           main] o.h.e.t.internal.TransactionImpl         : begin
2024-04-24T17:02:28.335+05:30 DEBUG 5824 --- [Vehicle Management Module] [           main] o.s.j.datasource.SimpleDriverDataSource  : Creating new JDBC Driver Connection to [jdbc:h2:mem:77e5e59b-9028-4692-bf3e-2dbb97a1edaf;DB_CLOSE_DELAY=-1;DB_CLOSE_ON_EXIT=false]
2024-04-24T17:02:28.336+05:30 DEBUG 5824 --- [Vehicle Management Module] [           main] o.s.orm.jpa.JpaTransactionManager        : Exposing JPA transaction as JDBC [org.springframework.orm.jpa.vendor.HibernateJpaDialect$HibernateConnectionHandle@13121c0c]
2024-04-24T17:02:28.337+05:30 DEBUG 5824 --- [Vehicle Management Module] [           main] o.s.t.c.transaction.TransactionContext   : Began transaction (1) for test class [com.cognizant.main.TestVehicleTypesRepository]; test method [testSavePositive]; transaction manager [org.springframework.orm.jpa.JpaTransactionManager@82b778b]; rollback [true]
2024-04-24T17:02:28.337+05:30 DEBUG 5824 --- [Vehicle Management Module] [           main] org.springframework.test.context.cache   : Spring test ApplicationContext cache statistics: [DefaultContextCache@491cceb4 size = 2, maxSize = 32, parentContextCount = 0, hitCount = 199, missCount = 2, failureCount = 0]
2024-04-24T17:02:28.337+05:30 DEBUG 5824 --- [Vehicle Management Module] [           main] org.springframework.test.context.cache   : Spring test ApplicationContext cache statistics: [DefaultContextCache@491cceb4 size = 2, maxSize = 32, parentContextCount = 0, hitCount = 200, missCount = 2, failureCount = 0]
2024-04-24T17:02:28.338+05:30 DEBUG 5824 --- [Vehicle Management Module] [           main] org.springframework.test.context.cache   : Spring test ApplicationContext cache statistics: [DefaultContextCache@491cceb4 size = 2, maxSize = 32, parentContextCount = 0, hitCount = 201, missCount = 2, failureCount = 0]
2024-04-24T17:02:28.339+05:30 DEBUG 5824 --- [Vehicle Management Module] [           main] o.s.orm.jpa.JpaTransactionManager        : Found thread-bound EntityManager [SessionImpl(1156306409<open>)] for JPA transaction
2024-04-24T17:02:28.339+05:30 DEBUG 5824 --- [Vehicle Management Module] [           main] o.s.orm.jpa.JpaTransactionManager        : Participating in existing transaction
2024-04-24T17:02:28.339+05:30 DEBUG 5824 --- [Vehicle Management Module] [           main] o.h.j.internal.PersistenceUnitUtilImpl   : jakarta.persistence.PersistenceUnitUtil.getIdentifier is only intended to work with enhanced entities (although Hibernate also adapts this support to its proxies); however the passed entity was not enhanced (nor a proxy).. may not be able to read identifier
2024-04-24T17:02:28.339+05:30 DEBUG 5824 --- [Vehicle Management Module] [           main] org.hibernate.orm.sql.exec               : Skipping reading Query result cache data: cache-enabled = false, cache-mode = IGNORE
2024-04-24T17:02:28.339+05:30 DEBUG 5824 --- [Vehicle Management Module] [           main] org.hibernate.orm.results                : Initializer list:
	  com.cognizant.main.entities.VehicleTypes -> EntityResultInitializer(com.cognizant.main.entities.VehicleTypes)@163456537 (SingleTableEntityPersister(com.cognizant.main.entities.VehicleTypes))
	  com.cognizant.main.entities.VehicleTypes.vechicles -> DelayedCollectionInitializer(com.cognizant.main.entities.VehicleTypes.vechicles)@1539297329 (PluralAttribute(com.cognizant.main.entities.VehicleTypes.vechicles))

2024-04-24T17:02:28.340+05:30 DEBUG 5824 --- [Vehicle Management Module] [           main] org.hibernate.SQL                        : select vt1_0.id,vt1_0.fare_perkm,vt1_0.max_passengers_allowed,vt1_0.type from vechicle_types vt1_0 where vt1_0.id=?
Hibernate: select vt1_0.id,vt1_0.fare_perkm,vt1_0.max_passengers_allowed,vt1_0.type from vechicle_types vt1_0 where vt1_0.id=?
2024-04-24T17:02:28.342+05:30 DEBUG 5824 --- [Vehicle Management Module] [           main] o.s.orm.jpa.JpaTransactionManager        : Found thread-bound EntityManager [SessionImpl(1156306409<open>)] for JPA transaction
2024-04-24T17:02:28.342+05:30 DEBUG 5824 --- [Vehicle Management Module] [           main] o.s.orm.jpa.JpaTransactionManager        : Participating in existing transaction
2024-04-24T17:02:28.345+05:30 DEBUG 5824 --- [Vehicle Management Module] [           main] org.springframework.test.context.cache   : Spring test ApplicationContext cache statistics: [DefaultContextCache@491cceb4 size = 2, maxSize = 32, parentContextCount = 0, hitCount = 202, missCount = 2, failureCount = 0]
2024-04-24T17:02:28.346+05:30 DEBUG 5824 --- [Vehicle Management Module] [           main] org.springframework.test.context.cache   : Spring test ApplicationContext cache statistics: [DefaultContextCache@491cceb4 size = 2, maxSize = 32, parentContextCount = 0, hitCount = 203, missCount = 2, failureCount = 0]
2024-04-24T17:02:28.346+05:30 DEBUG 5824 --- [Vehicle Management Module] [           main] org.springframework.test.context.cache   : Spring test ApplicationContext cache statistics: [DefaultContextCache@491cceb4 size = 2, maxSize = 32, parentContextCount = 0, hitCount = 204, missCount = 2, failureCount = 0]
2024-04-24T17:02:28.346+05:30 DEBUG 5824 --- [Vehicle Management Module] [           main] org.springframework.test.context.cache   : Spring test ApplicationContext cache statistics: [DefaultContextCache@491cceb4 size = 2, maxSize = 32, parentContextCount = 0, hitCount = 205, missCount = 2, failureCount = 0]
2024-04-24T17:02:28.346+05:30 DEBUG 5824 --- [Vehicle Management Module] [           main] org.springframework.test.context.cache   : Spring test ApplicationContext cache statistics: [DefaultContextCache@491cceb4 size = 2, maxSize = 32, parentContextCount = 0, hitCount = 206, missCount = 2, failureCount = 0]
2024-04-24T17:02:28.347+05:30 DEBUG 5824 --- [Vehicle Management Module] [           main] org.springframework.test.context.cache   : Spring test ApplicationContext cache statistics: [DefaultContextCache@491cceb4 size = 2, maxSize = 32, parentContextCount = 0, hitCount = 207, missCount = 2, failureCount = 0]
2024-04-24T17:02:28.348+05:30 DEBUG 5824 --- [Vehicle Management Module] [           main] o.s.orm.jpa.JpaTransactionManager        : Initiating transaction rollback
2024-04-24T17:02:28.348+05:30 DEBUG 5824 --- [Vehicle Management Module] [           main] o.s.orm.jpa.JpaTransactionManager        : Rolling back JPA transaction on EntityManager [SessionImpl(1156306409<open>)]
2024-04-24T17:02:28.348+05:30 DEBUG 5824 --- [Vehicle Management Module] [           main] o.h.e.t.internal.TransactionImpl         : rolling back
2024-04-24T17:02:28.348+05:30 DEBUG 5824 --- [Vehicle Management Module] [           main] o.s.orm.jpa.JpaTransactionManager        : Closing JPA EntityManager [SessionImpl(1156306409<open>)] after transaction
2024-04-24T17:02:28.349+05:30 DEBUG 5824 --- [Vehicle Management Module] [           main] o.s.t.c.transaction.TransactionContext   : Rolled back transaction (1) for test class [com.cognizant.main.TestVehicleTypesRepository]; test method [testSavePositive]
2024-04-24T17:02:28.349+05:30 DEBUG 5824 --- [Vehicle Management Module] [           main] .c.s.DirtiesContextTestExecutionListener : After test method: class [TestVehicleTypesRepository], method [testSavePositive], class annotated with @DirtiesContext [false] with mode [null], method annotated with @DirtiesContext [false] with mode [null]
]]></system-out>
  </testcase>
  <testcase name="testDeletePositive" classname="com.cognizant.main.TestVehicleTypesRepository" time="0.013">
    <system-out><![CDATA[2024-04-24T17:02:28.350+05:30 DEBUG 5824 --- [Vehicle Management Module] [           main] DependencyInjectionTestExecutionListener : Performing dependency injection for test class com.cognizant.main.TestVehicleTypesRepository
2024-04-24T17:02:28.350+05:30 DEBUG 5824 --- [Vehicle Management Module] [           main] org.springframework.test.context.cache   : Spring test ApplicationContext cache statistics: [DefaultContextCache@491cceb4 size = 2, maxSize = 32, parentContextCount = 0, hitCount = 208, missCount = 2, failureCount = 0]
2024-04-24T17:02:28.351+05:30 DEBUG 5824 --- [Vehicle Management Module] [           main] org.springframework.test.context.cache   : Spring test ApplicationContext cache statistics: [DefaultContextCache@491cceb4 size = 2, maxSize = 32, parentContextCount = 0, hitCount = 209, missCount = 2, failureCount = 0]
2024-04-24T17:02:28.352+05:30 DEBUG 5824 --- [Vehicle Management Module] [           main] sContextBeforeModesTestExecutionListener : Before test method: class [TestVehicleTypesRepository], method [testDeletePositive], class annotated with @DirtiesContext [false] with mode [null], method annotated with @DirtiesContext [false] with mode [null]
2024-04-24T17:02:28.352+05:30 DEBUG 5824 --- [Vehicle Management Module] [           main] t.c.t.TransactionalTestExecutionListener : Explicit transaction definition [PROPAGATION_REQUIRED,ISOLATION_DEFAULT] found for test class [com.cognizant.main.TestVehicleTypesRepository] and test method [testDeletePositive]
2024-04-24T17:02:28.352+05:30 DEBUG 5824 --- [Vehicle Management Module] [           main] org.springframework.test.context.cache   : Spring test ApplicationContext cache statistics: [DefaultContextCache@491cceb4 size = 2, maxSize = 32, parentContextCount = 0, hitCount = 210, missCount = 2, failureCount = 0]
2024-04-24T17:02:28.353+05:30 DEBUG 5824 --- [Vehicle Management Module] [           main] t.c.t.TransactionalTestExecutionListener : No method-level @Rollback override: using default rollback [true] for test method [public void com.cognizant.main.TestVehicleTypesRepository.testDeletePositive()]
2024-04-24T17:02:28.353+05:30 DEBUG 5824 --- [Vehicle Management Module] [           main] o.s.orm.jpa.JpaTransactionManager        : Creating new transaction with name [com.cognizant.main.TestVehicleTypesRepository.testDeletePositive]: PROPAGATION_REQUIRED,ISOLATION_DEFAULT
2024-04-24T17:02:28.353+05:30 DEBUG 5824 --- [Vehicle Management Module] [           main] o.s.orm.jpa.JpaTransactionManager        : Opened new EntityManager [SessionImpl(958248<open>)] for JPA transaction
2024-04-24T17:02:28.353+05:30 DEBUG 5824 --- [Vehicle Management Module] [           main] o.h.e.t.internal.TransactionImpl         : On TransactionImpl creation, JpaCompliance#isJpaTransactionComplianceEnabled == false
2024-04-24T17:02:28.353+05:30 DEBUG 5824 --- [Vehicle Management Module] [           main] o.h.e.t.internal.TransactionImpl         : begin
2024-04-24T17:02:28.353+05:30 DEBUG 5824 --- [Vehicle Management Module] [           main] o.s.j.datasource.SimpleDriverDataSource  : Creating new JDBC Driver Connection to [jdbc:h2:mem:77e5e59b-9028-4692-bf3e-2dbb97a1edaf;DB_CLOSE_DELAY=-1;DB_CLOSE_ON_EXIT=false]
2024-04-24T17:02:28.354+05:30 DEBUG 5824 --- [Vehicle Management Module] [           main] o.s.orm.jpa.JpaTransactionManager        : Exposing JPA transaction as JDBC [org.springframework.orm.jpa.vendor.HibernateJpaDialect$HibernateConnectionHandle@2b52e068]
2024-04-24T17:02:28.354+05:30 DEBUG 5824 --- [Vehicle Management Module] [           main] o.s.t.c.transaction.TransactionContext   : Began transaction (1) for test class [com.cognizant.main.TestVehicleTypesRepository]; test method [testDeletePositive]; transaction manager [org.springframework.orm.jpa.JpaTransactionManager@82b778b]; rollback [true]
2024-04-24T17:02:28.354+05:30 DEBUG 5824 --- [Vehicle Management Module] [           main] org.springframework.test.context.cache   : Spring test ApplicationContext cache statistics: [DefaultContextCache@491cceb4 size = 2, maxSize = 32, parentContextCount = 0, hitCount = 211, missCount = 2, failureCount = 0]
2024-04-24T17:02:28.355+05:30 DEBUG 5824 --- [Vehicle Management Module] [           main] org.springframework.test.context.cache   : Spring test ApplicationContext cache statistics: [DefaultContextCache@491cceb4 size = 2, maxSize = 32, parentContextCount = 0, hitCount = 212, missCount = 2, failureCount = 0]
2024-04-24T17:02:28.356+05:30 DEBUG 5824 --- [Vehicle Management Module] [           main] org.springframework.test.context.cache   : Spring test ApplicationContext cache statistics: [DefaultContextCache@491cceb4 size = 2, maxSize = 32, parentContextCount = 0, hitCount = 213, missCount = 2, failureCount = 0]
2024-04-24T17:02:28.356+05:30 DEBUG 5824 --- [Vehicle Management Module] [           main] o.s.orm.jpa.JpaTransactionManager        : Found thread-bound EntityManager [SessionImpl(958248<open>)] for JPA transaction
2024-04-24T17:02:28.356+05:30 DEBUG 5824 --- [Vehicle Management Module] [           main] o.s.orm.jpa.JpaTransactionManager        : Participating in existing transaction
2024-04-24T17:02:28.356+05:30 DEBUG 5824 --- [Vehicle Management Module] [           main] o.h.j.internal.PersistenceUnitUtilImpl   : jakarta.persistence.PersistenceUnitUtil.getIdentifier is only intended to work with enhanced entities (although Hibernate also adapts this support to its proxies); however the passed entity was not enhanced (nor a proxy).. may not be able to read identifier
2024-04-24T17:02:28.356+05:30 DEBUG 5824 --- [Vehicle Management Module] [           main] o.h.j.internal.PersistenceUnitUtilImpl   : jakarta.persistence.PersistenceUnitUtil.getIdentifier is only intended to work with enhanced entities (although Hibernate also adapts this support to its proxies); however the passed entity was not enhanced (nor a proxy).. may not be able to read identifier
2024-04-24T17:02:28.357+05:30 DEBUG 5824 --- [Vehicle Management Module] [           main] org.hibernate.orm.sql.exec               : Skipping reading Query result cache data: cache-enabled = false, cache-mode = IGNORE
2024-04-24T17:02:28.357+05:30 DEBUG 5824 --- [Vehicle Management Module] [           main] org.hibernate.orm.results                : Initializer list:
	  com.cognizant.main.entities.VehicleTypes -> EntityResultInitializer(com.cognizant.main.entities.VehicleTypes)@701445883 (SingleTableEntityPersister(com.cognizant.main.entities.VehicleTypes))
	  com.cognizant.main.entities.VehicleTypes.vechicles -> DelayedCollectionInitializer(com.cognizant.main.entities.VehicleTypes.vechicles)@1264477775 (PluralAttribute(com.cognizant.main.entities.VehicleTypes.vechicles))

2024-04-24T17:02:28.357+05:30 DEBUG 5824 --- [Vehicle Management Module] [           main] org.hibernate.SQL                        : select vt1_0.id,vt1_0.fare_perkm,vt1_0.max_passengers_allowed,vt1_0.type from vechicle_types vt1_0 where vt1_0.id=?
Hibernate: select vt1_0.id,vt1_0.fare_perkm,vt1_0.max_passengers_allowed,vt1_0.type from vechicle_types vt1_0 where vt1_0.id=?
2024-04-24T17:02:28.359+05:30 DEBUG 5824 --- [Vehicle Management Module] [           main] o.s.orm.jpa.JpaTransactionManager        : Found thread-bound EntityManager [SessionImpl(958248<open>)] for JPA transaction
2024-04-24T17:02:28.359+05:30 DEBUG 5824 --- [Vehicle Management Module] [           main] o.s.orm.jpa.JpaTransactionManager        : Participating in existing transaction
2024-04-24T17:02:28.359+05:30 DEBUG 5824 --- [Vehicle Management Module] [           main] org.hibernate.orm.sql.exec               : Skipping reading Query result cache data: cache-enabled = false, cache-mode = IGNORE
2024-04-24T17:02:28.359+05:30 DEBUG 5824 --- [Vehicle Management Module] [           main] org.hibernate.orm.results                : Initializer list:
	  com.cognizant.main.entities.VehicleTypes -> EntityResultInitializer(com.cognizant.main.entities.VehicleTypes)@1142738903 (SingleTableEntityPersister(com.cognizant.main.entities.VehicleTypes))
	  com.cognizant.main.entities.VehicleTypes.vechicles -> DelayedCollectionInitializer(com.cognizant.main.entities.VehicleTypes.vechicles)@2085135621 (PluralAttribute(com.cognizant.main.entities.VehicleTypes.vechicles))

2024-04-24T17:02:28.359+05:30 DEBUG 5824 --- [Vehicle Management Module] [           main] org.hibernate.SQL                        : select vt1_0.id,vt1_0.fare_perkm,vt1_0.max_passengers_allowed,vt1_0.type from vechicle_types vt1_0 where vt1_0.id=?
Hibernate: select vt1_0.id,vt1_0.fare_perkm,vt1_0.max_passengers_allowed,vt1_0.type from vechicle_types vt1_0 where vt1_0.id=?
2024-04-24T17:02:28.360+05:30 DEBUG 5824 --- [Vehicle Management Module] [           main] org.springframework.test.context.cache   : Spring test ApplicationContext cache statistics: [DefaultContextCache@491cceb4 size = 2, maxSize = 32, parentContextCount = 0, hitCount = 214, missCount = 2, failureCount = 0]
2024-04-24T17:02:28.360+05:30 DEBUG 5824 --- [Vehicle Management Module] [           main] org.springframework.test.context.cache   : Spring test ApplicationContext cache statistics: [DefaultContextCache@491cceb4 size = 2, maxSize = 32, parentContextCount = 0, hitCount = 215, missCount = 2, failureCount = 0]
2024-04-24T17:02:28.360+05:30 DEBUG 5824 --- [Vehicle Management Module] [           main] org.springframework.test.context.cache   : Spring test ApplicationContext cache statistics: [DefaultContextCache@491cceb4 size = 2, maxSize = 32, parentContextCount = 0, hitCount = 216, missCount = 2, failureCount = 0]
2024-04-24T17:02:28.360+05:30 DEBUG 5824 --- [Vehicle Management Module] [           main] org.springframework.test.context.cache   : Spring test ApplicationContext cache statistics: [DefaultContextCache@491cceb4 size = 2, maxSize = 32, parentContextCount = 0, hitCount = 217, missCount = 2, failureCount = 0]
2024-04-24T17:02:28.362+05:30 DEBUG 5824 --- [Vehicle Management Module] [           main] org.springframework.test.context.cache   : Spring test ApplicationContext cache statistics: [DefaultContextCache@491cceb4 size = 2, maxSize = 32, parentContextCount = 0, hitCount = 218, missCount = 2, failureCount = 0]
2024-04-24T17:02:28.363+05:30 DEBUG 5824 --- [Vehicle Management Module] [           main] org.springframework.test.context.cache   : Spring test ApplicationContext cache statistics: [DefaultContextCache@491cceb4 size = 2, maxSize = 32, parentContextCount = 0, hitCount = 219, missCount = 2, failureCount = 0]
2024-04-24T17:02:28.363+05:30 DEBUG 5824 --- [Vehicle Management Module] [           main] o.s.orm.jpa.JpaTransactionManager        : Initiating transaction rollback
2024-04-24T17:02:28.363+05:30 DEBUG 5824 --- [Vehicle Management Module] [           main] o.s.orm.jpa.JpaTransactionManager        : Rolling back JPA transaction on EntityManager [SessionImpl(958248<open>)]
2024-04-24T17:02:28.363+05:30 DEBUG 5824 --- [Vehicle Management Module] [           main] o.h.e.t.internal.TransactionImpl         : rolling back
2024-04-24T17:02:28.364+05:30 DEBUG 5824 --- [Vehicle Management Module] [           main] o.s.orm.jpa.JpaTransactionManager        : Closing JPA EntityManager [SessionImpl(958248<open>)] after transaction
2024-04-24T17:02:28.364+05:30 DEBUG 5824 --- [Vehicle Management Module] [           main] o.s.t.c.transaction.TransactionContext   : Rolled back transaction (1) for test class [com.cognizant.main.TestVehicleTypesRepository]; test method [testDeletePositive]
2024-04-24T17:02:28.364+05:30 DEBUG 5824 --- [Vehicle Management Module] [           main] .c.s.DirtiesContextTestExecutionListener : After test method: class [TestVehicleTypesRepository], method [testDeletePositive], class annotated with @DirtiesContext [false] with mode [null], method annotated with @DirtiesContext [false] with mode [null]
]]></system-out>
  </testcase>
  <testcase name="testFindAllPositive" classname="com.cognizant.main.TestVehicleTypesRepository" time="0.016">
    <system-out><![CDATA[2024-04-24T17:02:28.365+05:30 DEBUG 5824 --- [Vehicle Management Module] [           main] DependencyInjectionTestExecutionListener : Performing dependency injection for test class com.cognizant.main.TestVehicleTypesRepository
2024-04-24T17:02:28.365+05:30 DEBUG 5824 --- [Vehicle Management Module] [           main] org.springframework.test.context.cache   : Spring test ApplicationContext cache statistics: [DefaultContextCache@491cceb4 size = 2, maxSize = 32, parentContextCount = 0, hitCount = 220, missCount = 2, failureCount = 0]
2024-04-24T17:02:28.368+05:30 DEBUG 5824 --- [Vehicle Management Module] [           main] org.springframework.test.context.cache   : Spring test ApplicationContext cache statistics: [DefaultContextCache@491cceb4 size = 2, maxSize = 32, parentContextCount = 0, hitCount = 221, missCount = 2, failureCount = 0]
2024-04-24T17:02:28.369+05:30 DEBUG 5824 --- [Vehicle Management Module] [           main] sContextBeforeModesTestExecutionListener : Before test method: class [TestVehicleTypesRepository], method [testFindAllPositive], class annotated with @DirtiesContext [false] with mode [null], method annotated with @DirtiesContext [false] with mode [null]
2024-04-24T17:02:28.369+05:30 DEBUG 5824 --- [Vehicle Management Module] [           main] t.c.t.TransactionalTestExecutionListener : Explicit transaction definition [PROPAGATION_REQUIRED,ISOLATION_DEFAULT] found for test class [com.cognizant.main.TestVehicleTypesRepository] and test method [testFindAllPositive]
2024-04-24T17:02:28.370+05:30 DEBUG 5824 --- [Vehicle Management Module] [           main] org.springframework.test.context.cache   : Spring test ApplicationContext cache statistics: [DefaultContextCache@491cceb4 size = 2, maxSize = 32, parentContextCount = 0, hitCount = 222, missCount = 2, failureCount = 0]
2024-04-24T17:02:28.370+05:30 DEBUG 5824 --- [Vehicle Management Module] [           main] t.c.t.TransactionalTestExecutionListener : No method-level @Rollback override: using default rollback [true] for test method [public void com.cognizant.main.TestVehicleTypesRepository.testFindAllPositive()]
2024-04-24T17:02:28.370+05:30 DEBUG 5824 --- [Vehicle Management Module] [           main] o.s.orm.jpa.JpaTransactionManager        : Creating new transaction with name [com.cognizant.main.TestVehicleTypesRepository.testFindAllPositive]: PROPAGATION_REQUIRED,ISOLATION_DEFAULT
2024-04-24T17:02:28.370+05:30 DEBUG 5824 --- [Vehicle Management Module] [           main] o.s.orm.jpa.JpaTransactionManager        : Opened new EntityManager [SessionImpl(730011718<open>)] for JPA transaction
2024-04-24T17:02:28.370+05:30 DEBUG 5824 --- [Vehicle Management Module] [           main] o.h.e.t.internal.TransactionImpl         : On TransactionImpl creation, JpaCompliance#isJpaTransactionComplianceEnabled == false
2024-04-24T17:02:28.370+05:30 DEBUG 5824 --- [Vehicle Management Module] [           main] o.h.e.t.internal.TransactionImpl         : begin
2024-04-24T17:02:28.370+05:30 DEBUG 5824 --- [Vehicle Management Module] [           main] o.s.j.datasource.SimpleDriverDataSource  : Creating new JDBC Driver Connection to [jdbc:h2:mem:77e5e59b-9028-4692-bf3e-2dbb97a1edaf;DB_CLOSE_DELAY=-1;DB_CLOSE_ON_EXIT=false]
2024-04-24T17:02:28.371+05:30 DEBUG 5824 --- [Vehicle Management Module] [           main] o.s.orm.jpa.JpaTransactionManager        : Exposing JPA transaction as JDBC [org.springframework.orm.jpa.vendor.HibernateJpaDialect$HibernateConnectionHandle@7c532e54]
2024-04-24T17:02:28.371+05:30 DEBUG 5824 --- [Vehicle Management Module] [           main] o.s.t.c.transaction.TransactionContext   : Began transaction (1) for test class [com.cognizant.main.TestVehicleTypesRepository]; test method [testFindAllPositive]; transaction manager [org.springframework.orm.jpa.JpaTransactionManager@82b778b]; rollback [true]
2024-04-24T17:02:28.372+05:30 DEBUG 5824 --- [Vehicle Management Module] [           main] org.springframework.test.context.cache   : Spring test ApplicationContext cache statistics: [DefaultContextCache@491cceb4 size = 2, maxSize = 32, parentContextCount = 0, hitCount = 223, missCount = 2, failureCount = 0]
2024-04-24T17:02:28.372+05:30 DEBUG 5824 --- [Vehicle Management Module] [           main] org.springframework.test.context.cache   : Spring test ApplicationContext cache statistics: [DefaultContextCache@491cceb4 size = 2, maxSize = 32, parentContextCount = 0, hitCount = 224, missCount = 2, failureCount = 0]
2024-04-24T17:02:28.373+05:30 DEBUG 5824 --- [Vehicle Management Module] [           main] org.springframework.test.context.cache   : Spring test ApplicationContext cache statistics: [DefaultContextCache@491cceb4 size = 2, maxSize = 32, parentContextCount = 0, hitCount = 225, missCount = 2, failureCount = 0]
2024-04-24T17:02:28.373+05:30 DEBUG 5824 --- [Vehicle Management Module] [           main] o.s.orm.jpa.JpaTransactionManager        : Found thread-bound EntityManager [SessionImpl(730011718<open>)] for JPA transaction
2024-04-24T17:02:28.373+05:30 DEBUG 5824 --- [Vehicle Management Module] [           main] o.s.orm.jpa.JpaTransactionManager        : Participating in existing transaction
2024-04-24T17:02:28.374+05:30 DEBUG 5824 --- [Vehicle Management Module] [           main] org.hibernate.orm.sql.ast.create         : Created new SQL alias : vt1_0
2024-04-24T17:02:28.374+05:30 DEBUG 5824 --- [Vehicle Management Module] [           main] org.hibernate.orm.sql.ast.create         : Registration of TableGroup [StandardTableGroup(com.cognizant.main.entities.VehicleTypes(104029480686900))] with identifierForTableGroup [com.cognizant.main.entities.VehicleTypes] for NavigablePath [com.cognizant.main.entities.VehicleTypes] 
2024-04-24T17:02:28.375+05:30 DEBUG 5824 --- [Vehicle Management Module] [           main] org.hibernate.orm.results.graph.AST      : DomainResult Graph:
 \-EntityResultImpl [com.cognizant.main.entities.VehicleTypes(104029480686900)]
 |  +-BasicFetch [com.cognizant.main.entities.VehicleTypes(104029480686900).FarePerKM]
 |  +-BasicFetch [com.cognizant.main.entities.VehicleTypes(104029480686900).MaxPassengersAllowed]
 |  +-BasicFetch [com.cognizant.main.entities.VehicleTypes(104029480686900).Type]
 |  \-DelayedCollectionFetch [com.cognizant.main.entities.VehicleTypes(104029480686900).vechicles]

2024-04-24T17:02:28.375+05:30 DEBUG 5824 --- [Vehicle Management Module] [           main] org.hibernate.orm.sql.ast.tree           : SQL AST Tree:
    SelectStatement {
      FromClause {
        StandardTableGroup (vt1 : com.cognizant.main.entities.VehicleTypes(104029480686900)) {
          primaryTableReference : vechicle_types as vt1_0
        }
      }
    }

2024-04-24T17:02:28.375+05:30 DEBUG 5824 --- [Vehicle Management Module] [           main] o.h.e.i.AbstractFlushingEventListener    : Processing flush-time cascades
2024-04-24T17:02:28.375+05:30 DEBUG 5824 --- [Vehicle Management Module] [           main] o.h.e.i.AbstractFlushingEventListener    : Dirty checking collections
2024-04-24T17:02:28.376+05:30 DEBUG 5824 --- [Vehicle Management Module] [           main] o.h.e.i.AbstractFlushingEventListener    : Flushed: 1 insertions, 0 updates, 0 deletions to 1 objects
2024-04-24T17:02:28.376+05:30 DEBUG 5824 --- [Vehicle Management Module] [           main] o.h.e.i.AbstractFlushingEventListener    : Flushed: 0 (re)creations, 0 updates, 0 removals to 0 collections
2024-04-24T17:02:28.376+05:30 DEBUG 5824 --- [Vehicle Management Module] [           main] o.hibernate.internal.util.EntityPrinter  : Listing entities:
2024-04-24T17:02:28.376+05:30 DEBUG 5824 --- [Vehicle Management Module] [           main] o.hibernate.internal.util.EntityPrinter  : com.cognizant.main.entities.VehicleTypes{Type=3457, vechicles=null, id=76, MaxPassengersAllowed=87, FarePerKM=67}
2024-04-24T17:02:28.376+05:30 DEBUG 5824 --- [Vehicle Management Module] [           main] org.hibernate.engine.spi.ActionQueue     : Changes must be flushed to space: vechicle_types
2024-04-24T17:02:28.376+05:30 DEBUG 5824 --- [Vehicle Management Module] [           main] org.hibernate.SQL                        : insert into vechicle_types (fare_perkm,max_passengers_allowed,type,id) values (?,?,?,?)
Hibernate: insert into vechicle_types (fare_perkm,max_passengers_allowed,type,id) values (?,?,?,?)
2024-04-24T17:02:28.378+05:30 DEBUG 5824 --- [Vehicle Management Module] [           main] org.hibernate.orm.sql.exec               : Skipping reading Query result cache data: cache-enabled = false, cache-mode = NORMAL
2024-04-24T17:02:28.378+05:30 DEBUG 5824 --- [Vehicle Management Module] [           main] org.hibernate.orm.results                : Initializer list:
	  com.cognizant.main.entities.VehicleTypes(104029480686900) -> EntityResultInitializer(com.cognizant.main.entities.VehicleTypes(104029480686900))@1974567063 (SingleTableEntityPersister(com.cognizant.main.entities.VehicleTypes))
	  com.cognizant.main.entities.VehicleTypes(104029480686900).vechicles -> DelayedCollectionInitializer(com.cognizant.main.entities.VehicleTypes(104029480686900).vechicles)@362637120 (PluralAttribute(com.cognizant.main.entities.VehicleTypes.vechicles))

2024-04-24T17:02:28.378+05:30 DEBUG 5824 --- [Vehicle Management Module] [           main] org.hibernate.SQL                        : select vt1_0.id,vt1_0.fare_perkm,vt1_0.max_passengers_allowed,vt1_0.type from vechicle_types vt1_0
Hibernate: select vt1_0.id,vt1_0.fare_perkm,vt1_0.max_passengers_allowed,vt1_0.type from vechicle_types vt1_0
2024-04-24T17:02:28.378+05:30 DEBUG 5824 --- [Vehicle Management Module] [           main] org.hibernate.orm.results                : Extracted JDBC value [0] - [1]
2024-04-24T17:02:28.378+05:30 DEBUG 5824 --- [Vehicle Management Module] [           main] o.hibernate.orm.results.loading.entity   : (EntityResultInitializer) Hydrated EntityKey (com.cognizant.main.entities.VehicleTypes(104029480686900)): 1
2024-04-24T17:02:28.379+05:30 DEBUG 5824 --- [Vehicle Management Module] [           main] org.hibernate.orm.results                : Extracted JDBC value [0] - [1]
2024-04-24T17:02:28.379+05:30 DEBUG 5824 --- [Vehicle Management Module] [           main] o.h.o.r.l.o.h.o.r.loading.collection     : (DelayedCollectionInitializer) Current row collection key : com.cognizant.main.entities.VehicleTypes(104029480686900).vechicles#1
2024-04-24T17:02:28.379+05:30 DEBUG 5824 --- [Vehicle Management Module] [           main] o.hibernate.orm.results.loading.entity   : (EntityResultInitializer) Created new entity instance [com.cognizant.main.entities.VehicleTypes(104029480686900)#1] : 880402766
2024-04-24T17:02:28.379+05:30 DEBUG 5824 --- [Vehicle Management Module] [           main] org.hibernate.orm.results                : Extracted JDBC value [1] - [10]
2024-04-24T17:02:28.379+05:30 DEBUG 5824 --- [Vehicle Management Module] [           main] org.hibernate.orm.results                : Extracted JDBC value [2] - [2]
2024-04-24T17:02:28.379+05:30 DEBUG 5824 --- [Vehicle Management Module] [           main] org.hibernate.orm.results                : Extracted JDBC value [3] - [2]
2024-04-24T17:02:28.379+05:30 DEBUG 5824 --- [Vehicle Management Module] [           main] o.hibernate.orm.results.loading.entity   : (EntityResultInitializer) Done materializing entityInstance : com.cognizant.main.entities.VehicleTypes(104029480686900)#1
2024-04-24T17:02:28.379+05:30 DEBUG 5824 --- [Vehicle Management Module] [           main] org.hibernate.orm.results.loading        : Calling top-level assembler (0 / 1) : org.hibernate.sql.results.graph.entity.internal.EntityAssembler@1abd92c6
2024-04-24T17:02:28.379+05:30 DEBUG 5824 --- [Vehicle Management Module] [           main] org.hibernate.orm.results                : Extracted JDBC value [0] - [2]
2024-04-24T17:02:28.379+05:30 DEBUG 5824 --- [Vehicle Management Module] [           main] o.hibernate.orm.results.loading.entity   : (EntityResultInitializer) Hydrated EntityKey (com.cognizant.main.entities.VehicleTypes(104029480686900)): 2
2024-04-24T17:02:28.379+05:30 DEBUG 5824 --- [Vehicle Management Module] [           main] org.hibernate.orm.results                : Extracted JDBC value [0] - [2]
2024-04-24T17:02:28.380+05:30 DEBUG 5824 --- [Vehicle Management Module] [           main] o.h.o.r.l.o.h.o.r.loading.collection     : (DelayedCollectionInitializer) Current row collection key : com.cognizant.main.entities.VehicleTypes(104029480686900).vechicles#2
2024-04-24T17:02:28.380+05:30 DEBUG 5824 --- [Vehicle Management Module] [           main] o.hibernate.orm.results.loading.entity   : (EntityResultInitializer) Created new entity instance [com.cognizant.main.entities.VehicleTypes(104029480686900)#2] : 2084881291
2024-04-24T17:02:28.380+05:30 DEBUG 5824 --- [Vehicle Management Module] [           main] org.hibernate.orm.results                : Extracted JDBC value [1] - [20]
2024-04-24T17:02:28.380+05:30 DEBUG 5824 --- [Vehicle Management Module] [           main] org.hibernate.orm.results                : Extracted JDBC value [2] - [5]
2024-04-24T17:02:28.380+05:30 DEBUG 5824 --- [Vehicle Management Module] [           main] org.hibernate.orm.results                : Extracted JDBC value [3] - [4]
2024-04-24T17:02:28.380+05:30 DEBUG 5824 --- [Vehicle Management Module] [           main] o.hibernate.orm.results.loading.entity   : (EntityResultInitializer) Done materializing entityInstance : com.cognizant.main.entities.VehicleTypes(104029480686900)#2
2024-04-24T17:02:28.380+05:30 DEBUG 5824 --- [Vehicle Management Module] [           main] org.hibernate.orm.results.loading        : Calling top-level assembler (0 / 1) : org.hibernate.sql.results.graph.entity.internal.EntityAssembler@1abd92c6
2024-04-24T17:02:28.380+05:30 DEBUG 5824 --- [Vehicle Management Module] [           main] org.hibernate.orm.results                : Extracted JDBC value [0] - [76]
2024-04-24T17:02:28.380+05:30 DEBUG 5824 --- [Vehicle Management Module] [           main] o.hibernate.orm.results.loading.entity   : (EntityResultInitializer) Hydrated EntityKey (com.cognizant.main.entities.VehicleTypes(104029480686900)): 76
2024-04-24T17:02:28.380+05:30 DEBUG 5824 --- [Vehicle Management Module] [           main] org.hibernate.orm.results                : Extracted JDBC value [0] - [76]
2024-04-24T17:02:28.380+05:30 DEBUG 5824 --- [Vehicle Management Module] [           main] o.h.o.r.l.o.h.o.r.loading.collection     : (DelayedCollectionInitializer) Current row collection key : com.cognizant.main.entities.VehicleTypes(104029480686900).vechicles#76
2024-04-24T17:02:28.380+05:30 DEBUG 5824 --- [Vehicle Management Module] [           main] org.hibernate.orm.results.loading        : Calling top-level assembler (0 / 1) : org.hibernate.sql.results.graph.entity.internal.EntityAssembler@1abd92c6
2024-04-24T17:02:28.381+05:30 DEBUG 5824 --- [Vehicle Management Module] [           main] org.springframework.test.context.cache   : Spring test ApplicationContext cache statistics: [DefaultContextCache@491cceb4 size = 2, maxSize = 32, parentContextCount = 0, hitCount = 226, missCount = 2, failureCount = 0]
2024-04-24T17:02:28.381+05:30 DEBUG 5824 --- [Vehicle Management Module] [           main] org.springframework.test.context.cache   : Spring test ApplicationContext cache statistics: [DefaultContextCache@491cceb4 size = 2, maxSize = 32, parentContextCount = 0, hitCount = 227, missCount = 2, failureCount = 0]
2024-04-24T17:02:28.382+05:30 DEBUG 5824 --- [Vehicle Management Module] [           main] org.springframework.test.context.cache   : Spring test ApplicationContext cache statistics: [DefaultContextCache@491cceb4 size = 2, maxSize = 32, parentContextCount = 0, hitCount = 228, missCount = 2, failureCount = 0]
2024-04-24T17:02:28.382+05:30 DEBUG 5824 --- [Vehicle Management Module] [           main] org.springframework.test.context.cache   : Spring test ApplicationContext cache statistics: [DefaultContextCache@491cceb4 size = 2, maxSize = 32, parentContextCount = 0, hitCount = 229, missCount = 2, failureCount = 0]
2024-04-24T17:02:28.382+05:30 DEBUG 5824 --- [Vehicle Management Module] [           main] org.springframework.test.context.cache   : Spring test ApplicationContext cache statistics: [DefaultContextCache@491cceb4 size = 2, maxSize = 32, parentContextCount = 0, hitCount = 230, missCount = 2, failureCount = 0]
2024-04-24T17:02:28.383+05:30 DEBUG 5824 --- [Vehicle Management Module] [           main] org.springframework.test.context.cache   : Spring test ApplicationContext cache statistics: [DefaultContextCache@491cceb4 size = 2, maxSize = 32, parentContextCount = 0, hitCount = 231, missCount = 2, failureCount = 0]
2024-04-24T17:02:28.383+05:30 DEBUG 5824 --- [Vehicle Management Module] [           main] o.s.orm.jpa.JpaTransactionManager        : Initiating transaction rollback
2024-04-24T17:02:28.383+05:30 DEBUG 5824 --- [Vehicle Management Module] [           main] o.s.orm.jpa.JpaTransactionManager        : Rolling back JPA transaction on EntityManager [SessionImpl(730011718<open>)]
2024-04-24T17:02:28.384+05:30 DEBUG 5824 --- [Vehicle Management Module] [           main] o.h.e.t.internal.TransactionImpl         : rolling back
2024-04-24T17:02:28.384+05:30 DEBUG 5824 --- [Vehicle Management Module] [           main] o.s.orm.jpa.JpaTransactionManager        : Closing JPA EntityManager [SessionImpl(730011718<open>)] after transaction
2024-04-24T17:02:28.384+05:30 DEBUG 5824 --- [Vehicle Management Module] [           main] o.s.t.c.transaction.TransactionContext   : Rolled back transaction (1) for test class [com.cognizant.main.TestVehicleTypesRepository]; test method [testFindAllPositive]
2024-04-24T17:02:28.384+05:30 DEBUG 5824 --- [Vehicle Management Module] [           main] .c.s.DirtiesContextTestExecutionListener : After test method: class [TestVehicleTypesRepository], method [testFindAllPositive], class annotated with @DirtiesContext [false] with mode [null], method annotated with @DirtiesContext [false] with mode [null]
]]></system-out>
  </testcase>
</testsuite>