<?xml version="1.0" encoding="UTF-8"?>
<testsuite xmlns:xsi="http://www.w3.org/2001/XMLSchema-instance" xsi:noNamespaceSchemaLocation="https://maven.apache.org/surefire/maven-surefire-plugin/xsd/surefire-test-report-3.0.xsd" version="3.0" name="com.cognizant.main.TestVehicleDetailsRepository" time="2.951" tests="6" errors="0" skipped="0" failures="0">
  <properties>
[...]
</properties>
  <testcase name="testFindAllNegative" classname="com.cognizant.main.TestVehicleDetailsRepository" time="0.333">
    <system-out><![CDATA[2024-04-24T17:02:24.355+05:30 DEBUG 5824 --- [Vehicle Management Module] [           main] o.s.t.c.support.AbstractContextLoader    : Could not detect default resource locations for test class [com.cognizant.main.TestVehicleDetailsRepository]: no resource found for suffixes {-context.xml, Context.groovy}.
2024-04-24T17:02:24.358+05:30 DEBUG 5824 --- [Vehicle Management Module] [           main] b.t.a.o.j.DataJpaTestContextBootstrapper : Using ContextCustomizerFactory implementations for test class [TestVehicleDetailsRepository]: [ImportsContextCustomizerFactory, ExcludeFilterContextCustomizerFactory, HttpGraphQlTesterContextCustomizerFactory, DuplicateJsonObjectContextCustomizerFactory, MockitoContextCustomizerFactory, TestRestTemplateContextCustomizerFactory, WebTestClientContextCustomizerFactory, OverrideAutoConfigurationContextCustomizerFactory, ObservabilityContextCustomizerFactory, TypeExcludeFiltersContextCustomizerFactory, PropertyMappingContextCustomizerFactory, WebDriverContextCustomizerFactory, MockServerContainerContextCustomizerFactory, DynamicPropertiesContextCustomizerFactory]
2024-04-24T17:02:24.454+05:30 DEBUG 5824 --- [Vehicle Management Module] [           main] b.t.a.o.j.DataJpaTestContextBootstrapper : Using ContextCustomizers for test class [TestVehicleDetailsRepository]: [ImportsContextCustomizer, ExcludeFilterContextCustomizer, DuplicateJsonObjectContextCustomizer, MockitoContextCustomizer, DisableAutoConfigurationContextCustomizer, DisableObservabilityContextCustomizer, TypeExcludeFiltersContextCustomizer, PropertyMappingContextCustomizer, WebDriverContextCustomizer]
2024-04-24T17:02:24.462+05:30 DEBUG 5824 --- [Vehicle Management Module] [           main] .s.t.c.u.TestContextSpringFactoriesUtils : Skipping candidate TestExecutionListener [org.springframework.test.context.observation.MicrometerObservationRegistryTestExecutionListener] due to a missing dependency. Specify custom TestExecutionListener classes or make the default TestExecutionListener classes and their required dependencies available. Offending class: io.micrometer.context.ThreadLocalAccessor. MicrometerObservationRegistryTestExecutionListener requires io.micrometer:micrometer-observation:1.10.8 or higher and io.micrometer:context-propagation:1.0.3 or higher.
2024-04-24T17:02:24.463+05:30 DEBUG 5824 --- [Vehicle Management Module] [           main] b.t.a.o.j.DataJpaTestContextBootstrapper : Using TestExecutionListeners for test class [TestVehicleDetailsRepository]: [ServletTestExecutionListener, DirtiesContextBeforeModesTestExecutionListener, ApplicationEventsTestExecutionListener, MockitoTestExecutionListener, DependencyInjectionTestExecutionListener, DirtiesContextTestExecutionListener, TransactionalTestExecutionListener, SqlScriptsTestExecutionListener, EventPublishingTestExecutionListener, ResetMocksTestExecutionListener, RestDocsTestExecutionListener, MockRestServiceServerResetTestExecutionListener, MockMvcPrintOnlyOnFailureTestExecutionListener, WebDriverTestExecutionListener, MockWebServiceServerTestExecutionListener]
2024-04-24T17:02:24.463+05:30 DEBUG 5824 --- [Vehicle Management Module] [           main] sContextBeforeModesTestExecutionListener : Before test class: class [TestVehicleDetailsRepository], class annotated with @DirtiesContext [false] with mode [null]
2024-04-24T17:02:24.464+05:30 DEBUG 5824 --- [Vehicle Management Module] [           main] DependencyInjectionTestExecutionListener : Performing dependency injection for test class com.cognizant.main.TestVehicleDetailsRepository
2024-04-24T17:02:24.472+05:30  INFO 5824 --- [Vehicle Management Module] [           main] o.s.b.d.r.RestartApplicationListener     : Restart disabled due to context in which it is running

  .   ____          _            __ _ _
 /\\ / ___'_ __ _ _(_)_ __  __ _ \ \ \ \
( ( )\___ | '_ | '_| | '_ \/ _` | \ \ \ \
 \\/  ___)| |_)| | | | | || (_| |  ) ) ) )
  '  |____| .__|_| |_|_| |_\__, | / / / /
 =========|_|==============|___/=/_/_/_/
 :: Spring Boot ::                (v3.2.2)

2024-04-24T17:02:25.023+05:30  INFO 5824 --- [Vehicle Management Module] [           main] c.c.main.TestVehicleDetailsRepository    : Starting TestVehicleDetailsRepository using Java 17.0.10 with PID 5824 (started by 2318431 in C:\Users\2318431\Downloads\Ridesharingplatform)
2024-04-24T17:02:25.023+05:30 DEBUG 5824 --- [Vehicle Management Module] [           main] c.c.main.TestVehicleDetailsRepository    : Running with Spring Boot v3.2.2, Spring v6.1.3
2024-04-24T17:02:25.023+05:30  INFO 5824 --- [Vehicle Management Module] [           main] c.c.main.TestVehicleDetailsRepository    : No active profile set, falling back to 1 default profile: "default"
2024-04-24T17:02:25.023+05:30 DEBUG 5824 --- [Vehicle Management Module] [           main] o.s.boot.SpringApplication               : Loading source class com.cognizant.main.RidesharingplatformApplication
2024-04-24T17:02:25.028+05:30 DEBUG 5824 --- [Vehicle Management Module] [           main] s.c.a.AnnotationConfigApplicationContext : Refreshing org.springframework.context.annotation.AnnotationConfigApplicationContext@4fc23215
2024-04-24T17:02:25.029+05:30 DEBUG 5824 --- [Vehicle Management Module] [           main] o.s.b.f.s.DefaultListableBeanFactory     : Creating shared instance of singleton bean 'org.springframework.context.annotation.internalConfigurationAnnotationProcessor'
2024-04-24T17:02:25.030+05:30 DEBUG 5824 --- [Vehicle Management Module] [           main] o.s.b.f.s.DefaultListableBeanFactory     : Creating shared instance of singleton bean 'org.springframework.boot.autoconfigure.internalCachingMetadataReaderFactory'
2024-04-24T17:02:25.327+05:30 DEBUG 5824 --- [Vehicle Management Module] [           main] o.s.c.a.ClassPathBeanDefinitionScanner   : Identified candidate component class: file [C:\Users\2318431\Downloads\Ridesharingplatform\target\classes\com\cognizant\main\controller\VehicleController.class]
2024-04-24T17:02:25.404+05:30 DEBUG 5824 --- [Vehicle Management Module] [           main] o.s.c.a.ClassPathBeanDefinitionScanner   : Identified candidate component class: file [C:\Users\2318431\Downloads\Ridesharingplatform\target\classes\com\cognizant\main\globalexception\globalexception.class]
2024-04-24T17:02:25.424+05:30 DEBUG 5824 --- [Vehicle Management Module] [           main] o.s.c.a.ClassPathBeanDefinitionScanner   : Identified candidate component class: file [C:\Users\2318431\Downloads\Ridesharingplatform\target\classes\com\cognizant\main\logging\LoggingAspect.class]
2024-04-24T17:02:25.445+05:30 DEBUG 5824 --- [Vehicle Management Module] [           main] o.s.c.a.ClassPathBeanDefinitionScanner   : Ignored because not a concrete top-level class: file [C:\Users\2318431\Downloads\Ridesharingplatform\target\classes\com\cognizant\main\repository\VehicleDetailsRepository.class]
2024-04-24T17:02:25.468+05:30 DEBUG 5824 --- [Vehicle Management Module] [           main] o.s.c.a.ClassPathBeanDefinitionScanner   : Ignored because not a concrete top-level class: file [C:\Users\2318431\Downloads\Ridesharingplatform\target\classes\com\cognizant\main\repository\VehiclesRepository.class]
2024-04-24T17:02:25.495+05:30 DEBUG 5824 --- [Vehicle Management Module] [           main] o.s.c.a.ClassPathBeanDefinitionScanner   : Ignored because not a concrete top-level class: file [C:\Users\2318431\Downloads\Ridesharingplatform\target\classes\com\cognizant\main\repository\VehicleTypesRepository.class]
2024-04-24T17:02:25.594+05:30 DEBUG 5824 --- [Vehicle Management Module] [           main] o.s.c.a.ClassPathBeanDefinitionScanner   : Identified candidate component class: file [C:\Users\2318431\Downloads\Ridesharingplatform\target\classes\com\cognizant\main\service\VehicleServiceImpl.class]
2024-04-24T17:02:25.810+05:30  INFO 5824 --- [Vehicle Management Module] [           main] .s.d.r.c.RepositoryConfigurationDelegate : Bootstrapping Spring Data JPA repositories in DEFAULT mode.
2024-04-24T17:02:25.812+05:30 DEBUG 5824 --- [Vehicle Management Module] [           main] .s.d.r.c.RepositoryConfigurationDelegate : Scanning for JPA repositories in packages com.cognizant.main.repository.
2024-04-24T17:02:25.816+05:30 DEBUG 5824 --- [Vehicle Management Module] [           main] o.s.d.r.c.RepositoryComponentProvider    : Identified candidate component class: file [C:\Users\2318431\Downloads\Ridesharingplatform\target\classes\com\cognizant\main\repository\VehicleDetailsRepository.class]
2024-04-24T17:02:25.816+05:30 DEBUG 5824 --- [Vehicle Management Module] [           main] o.s.d.r.c.RepositoryComponentProvider    : Identified candidate component class: file [C:\Users\2318431\Downloads\Ridesharingplatform\target\classes\com\cognizant\main\repository\VehiclesRepository.class]
2024-04-24T17:02:25.818+05:30 DEBUG 5824 --- [Vehicle Management Module] [           main] o.s.d.r.c.RepositoryComponentProvider    : Identified candidate component class: file [C:\Users\2318431\Downloads\Ridesharingplatform\target\classes\com\cognizant\main\repository\VehicleTypesRepository.class]
2024-04-24T17:02:25.830+05:30  INFO 5824 --- [Vehicle Management Module] [           main] .s.d.r.c.RepositoryConfigurationDelegate : Finished Spring Data repository scanning in 18 ms. Found 3 JPA repository interfaces.
2024-04-24T17:02:25.885+05:30 DEBUG 5824 --- [Vehicle Management Module] [           main] o.s.b.f.s.DefaultListableBeanFactory     : Creating shared instance of singleton bean 'org.springframework.boot.test.context.ImportsContextCustomizer$ImportsCleanupPostProcessor'
2024-04-24T17:02:25.886+05:30 DEBUG 5824 --- [Vehicle Management Module] [           main] o.s.b.f.s.DefaultListableBeanFactory     : Creating shared instance of singleton bean 'embeddedDataSourceBeanFactoryPostProcessor'
2024-04-24T17:02:25.892+05:30  INFO 5824 --- [Vehicle Management Module] [           main] beddedDataSourceBeanFactoryPostProcessor : Replacing 'dataSource' DataSource bean with embedded version
2024-04-24T17:02:25.897+05:30 DEBUG 5824 --- [Vehicle Management Module] [           main] o.s.b.f.s.DefaultListableBeanFactory     : Creating shared instance of singleton bean 'org.springframework.boot.test.mock.mockito.MockitoPostProcessor'
2024-04-24T17:02:25.898+05:30 DEBUG 5824 --- [Vehicle Management Module] [           main] o.s.b.f.s.DefaultListableBeanFactory     : Creating shared instance of singleton bean 'emBeanDefinitionRegistrarPostProcessor'
2024-04-24T17:02:25.898+05:30 DEBUG 5824 --- [Vehicle Management Module] [           main] o.s.b.f.s.DefaultListableBeanFactory     : Creating shared instance of singleton bean 'org.springframework.boot.sql.init.dependency.DatabaseInitializationDependencyConfigurer$DependsOnDatabaseInitializationPostProcessor'
2024-04-24T17:02:25.917+05:30 DEBUG 5824 --- [Vehicle Management Module] [           main] o.s.b.f.s.DefaultListableBeanFactory     : Creating shared instance of singleton bean 'org.springframework.context.event.internalEventListenerProcessor'
2024-04-24T17:02:25.918+05:30 DEBUG 5824 --- [Vehicle Management Module] [           main] o.s.b.f.s.DefaultListableBeanFactory     : Creating shared instance of singleton bean 'org.springframework.context.event.internalEventListenerFactory'
2024-04-24T17:02:25.918+05:30 DEBUG 5824 --- [Vehicle Management Module] [           main] o.s.b.f.s.DefaultListableBeanFactory     : Creating shared instance of singleton bean 'org.springframework.transaction.config.internalTransactionalEventListenerFactory'
2024-04-24T17:02:25.921+05:30 DEBUG 5824 --- [Vehicle Management Module] [           main] o.s.b.f.s.DefaultListableBeanFactory     : Creating shared instance of singleton bean 'org.springframework.context.annotation.internalAutowiredAnnotationProcessor'
2024-04-24T17:02:25.923+05:30 DEBUG 5824 --- [Vehicle Management Module] [           main] o.s.b.f.s.DefaultListableBeanFactory     : Creating shared instance of singleton bean 'org.springframework.context.annotation.internalCommonAnnotationProcessor'
2024-04-24T17:02:25.924+05:30 DEBUG 5824 --- [Vehicle Management Module] [           main] o.s.b.f.s.DefaultListableBeanFactory     : Creating shared instance of singleton bean 'org.springframework.context.annotation.internalPersistenceAnnotationProcessor'
2024-04-24T17:02:25.924+05:30 DEBUG 5824 --- [Vehicle Management Module] [           main] o.s.b.f.s.DefaultListableBeanFactory     : Creating shared instance of singleton bean 'org.springframework.boot.test.mock.mockito.MockitoPostProcessor$SpyPostProcessor'
2024-04-24T17:02:25.925+05:30 DEBUG 5824 --- [Vehicle Management Module] [           main] o.s.b.f.s.DefaultListableBeanFactory     : Creating shared instance of singleton bean 'org.springframework.boot.context.properties.ConfigurationPropertiesBindingPostProcessor'
2024-04-24T17:02:25.926+05:30 DEBUG 5824 --- [Vehicle Management Module] [           main] o.s.b.f.s.DefaultListableBeanFactory     : Creating shared instance of singleton bean 'org.springframework.boot.context.internalConfigurationPropertiesBinder'
2024-04-24T17:02:25.926+05:30 DEBUG 5824 --- [Vehicle Management Module] [           main] o.s.b.f.s.DefaultListableBeanFactory     : Creating shared instance of singleton bean 'jdbcConnectionDetailsHikariBeanPostProcessor'
2024-04-24T17:02:25.927+05:30 DEBUG 5824 --- [Vehicle Management Module] [           main] o.s.b.f.s.DefaultListableBeanFactory     : Creating shared instance of singleton bean 'org.springframework.aop.config.internalAutoProxyCreator'
2024-04-24T17:02:25.935+05:30 DEBUG 5824 --- [Vehicle Management Module] [           main] o.s.b.f.s.DefaultListableBeanFactory     : Creating shared instance of singleton bean 'dataSourceScriptDatabaseInitializer'
2024-04-24T17:02:25.935+05:30 DEBUG 5824 --- [Vehicle Management Module] [           main] o.s.b.f.s.DefaultListableBeanFactory     : Creating shared instance of singleton bean 'org.springframework.boot.autoconfigure.sql.init.DataSourceInitializationConfiguration'
2024-04-24T17:02:25.936+05:30 DEBUG 5824 --- [Vehicle Management Module] [           main] o.s.b.f.s.DefaultListableBeanFactory     : Creating shared instance of singleton bean 'org.springframework.transaction.config.internalTransactionAdvisor'
2024-04-24T17:02:25.937+05:30 DEBUG 5824 --- [Vehicle Management Module] [           main] o.s.b.f.s.DefaultListableBeanFactory     : Creating shared instance of singleton bean 'org.springframework.transaction.annotation.ProxyTransactionManagementConfiguration'
2024-04-24T17:02:25.943+05:30 DEBUG 5824 --- [Vehicle Management Module] [           main] o.s.b.f.s.DefaultListableBeanFactory     : Creating shared instance of singleton bean 'transactionAttributeSource'
2024-04-24T17:02:25.944+05:30 DEBUG 5824 --- [Vehicle Management Module] [           main] o.s.b.f.s.DefaultListableBeanFactory     : Creating shared instance of singleton bean 'transactionInterceptor'
2024-04-24T17:02:25.945+05:30 DEBUG 5824 --- [Vehicle Management Module] [           main] o.s.b.f.s.DefaultListableBeanFactory     : Autowiring by type from bean name 'transactionInterceptor' via factory method to bean named 'transactionAttributeSource'
2024-04-24T17:02:25.946+05:30 DEBUG 5824 --- [Vehicle Management Module] [           main] o.s.b.f.s.DefaultListableBeanFactory     : Autowiring by type from bean name 'org.springframework.transaction.config.internalTransactionAdvisor' via factory method to bean named 'transactionAttributeSource'
2024-04-24T17:02:25.946+05:30 DEBUG 5824 --- [Vehicle Management Module] [           main] o.s.b.f.s.DefaultListableBeanFactory     : Autowiring by type from bean name 'org.springframework.transaction.config.internalTransactionAdvisor' via factory method to bean named 'transactionInterceptor'
2024-04-24T17:02:25.949+05:30 DEBUG 5824 --- [Vehicle Management Module] [           main] o.s.b.f.s.DefaultListableBeanFactory     : Creating shared instance of singleton bean 'dataSource'
2024-04-24T17:02:25.962+05:30  INFO 5824 --- [Vehicle Management Module] [           main] o.s.j.d.e.EmbeddedDatabaseFactory        : Starting embedded database: url='jdbc:h2:mem:77e5e59b-9028-4692-bf3e-2dbb97a1edaf;DB_CLOSE_DELAY=-1;DB_CLOSE_ON_EXIT=false', username='sa'
2024-04-24T17:02:25.962+05:30 DEBUG 5824 --- [Vehicle Management Module] [           main] o.s.jdbc.datasource.DataSourceUtils      : Fetching JDBC Connection from DataSource
2024-04-24T17:02:25.962+05:30 DEBUG 5824 --- [Vehicle Management Module] [           main] o.s.j.datasource.SimpleDriverDataSource  : Creating new JDBC Driver Connection to [jdbc:h2:mem:77e5e59b-9028-4692-bf3e-2dbb97a1edaf;DB_CLOSE_DELAY=-1;DB_CLOSE_ON_EXIT=false]
2024-04-24T17:02:25.972+05:30 DEBUG 5824 --- [Vehicle Management Module] [           main] o.s.b.f.s.DefaultListableBeanFactory     : Creating shared instance of singleton bean 'spring.sql.init-org.springframework.boot.autoconfigure.sql.init.SqlInitializationProperties'
2024-04-24T17:02:25.972+05:30 DEBUG 5824 --- [Vehicle Management Module] [           main] o.s.b.f.s.DefaultListableBeanFactory     : Creating shared instance of singleton bean 'org.springframework.boot.context.properties.BoundConfigurationProperties'
2024-04-24T17:02:25.982+05:30 DEBUG 5824 --- [Vehicle Management Module] [           main] o.s.b.f.s.DefaultListableBeanFactory     : Autowiring by type from bean name 'dataSourceScriptDatabaseInitializer' via factory method to bean named 'dataSource'
2024-04-24T17:02:25.982+05:30 DEBUG 5824 --- [Vehicle Management Module] [           main] o.s.b.f.s.DefaultListableBeanFactory     : Autowiring by type from bean name 'dataSourceScriptDatabaseInitializer' via factory method to bean named 'spring.sql.init-org.springframework.boot.autoconfigure.sql.init.SqlInitializationProperties'
2024-04-24T17:02:25.987+05:30 DEBUG 5824 --- [Vehicle Management Module] [           main] o.s.jdbc.datasource.DataSourceUtils      : Fetching JDBC Connection from DataSource
2024-04-24T17:02:25.987+05:30 DEBUG 5824 --- [Vehicle Management Module] [           main] o.s.j.datasource.SimpleDriverDataSource  : Creating new JDBC Driver Connection to [jdbc:h2:mem:77e5e59b-9028-4692-bf3e-2dbb97a1edaf;DB_CLOSE_DELAY=-1;DB_CLOSE_ON_EXIT=false]
2024-04-24T17:02:25.988+05:30 DEBUG 5824 --- [Vehicle Management Module] [           main] o.s.jdbc.datasource.DataSourceUtils      : Fetching JDBC Connection from DataSource
2024-04-24T17:02:25.988+05:30 DEBUG 5824 --- [Vehicle Management Module] [           main] o.s.j.datasource.SimpleDriverDataSource  : Creating new JDBC Driver Connection to [jdbc:h2:mem:77e5e59b-9028-4692-bf3e-2dbb97a1edaf;DB_CLOSE_DELAY=-1;DB_CLOSE_ON_EXIT=false]
2024-04-24T17:02:25.989+05:30 DEBUG 5824 --- [Vehicle Management Module] [           main] o.s.jdbc.datasource.init.ScriptUtils     : Executing SQL script from file [C:\Users\2318431\Downloads\Ridesharingplatform\target\classes\schema.sql]
2024-04-24T17:02:26.012+05:30 DEBUG 5824 --- [Vehicle Management Module] [           main] o.s.jdbc.datasource.init.ScriptUtils     : 0 returned as update count for SQL: create table vechicle_types ( id integer not null, type integer,max_passengers_allowed integer,fare_perkm integer, primary key (id))
2024-04-24T17:02:26.014+05:30 DEBUG 5824 --- [Vehicle Management Module] [           main] o.s.jdbc.datasource.init.ScriptUtils     : 0 returned as update count for SQL: create table vechicles (registration_no varchar(255) primary key, belongs_to_user_id integer, vechicle_type_id integer, inspection_status varchar(255), inspected_by_user_id integer, inspected_on date)
2024-04-24T17:02:26.016+05:30 DEBUG 5824 --- [Vehicle Management Module] [           main] o.s.jdbc.datasource.init.ScriptUtils     : 0 returned as update count for SQL: create table vechile_details ( registration_no varchar(255)primary key, rtoname varchar(255), registration_date date, registration_expires_on date, rcdocurl varchar(255), insurance_company_name varchar(255), insurance_no integer, insuranced_on date, insurance_expires_on date, insurance_certificatedocurl varchar(255), puccertificate_no integer, pucissued_on date, pucvalid_until date, pucdocurl varchar(255))
2024-04-24T17:02:26.016+05:30 DEBUG 5824 --- [Vehicle Management Module] [           main] o.s.jdbc.datasource.init.ScriptUtils     : Executed SQL script from file [C:\Users\2318431\Downloads\Ridesharingplatform\target\classes\schema.sql] in 27 ms.
2024-04-24T17:02:26.017+05:30 DEBUG 5824 --- [Vehicle Management Module] [           main] o.s.jdbc.datasource.DataSourceUtils      : Fetching JDBC Connection from DataSource
2024-04-24T17:02:26.017+05:30 DEBUG 5824 --- [Vehicle Management Module] [           main] o.s.j.datasource.SimpleDriverDataSource  : Creating new JDBC Driver Connection to [jdbc:h2:mem:77e5e59b-9028-4692-bf3e-2dbb97a1edaf;DB_CLOSE_DELAY=-1;DB_CLOSE_ON_EXIT=false]
2024-04-24T17:02:26.018+05:30 DEBUG 5824 --- [Vehicle Management Module] [           main] o.s.jdbc.datasource.DataSourceUtils      : Fetching JDBC Connection from DataSource
2024-04-24T17:02:26.018+05:30 DEBUG 5824 --- [Vehicle Management Module] [           main] o.s.j.datasource.SimpleDriverDataSource  : Creating new JDBC Driver Connection to [jdbc:h2:mem:77e5e59b-9028-4692-bf3e-2dbb97a1edaf;DB_CLOSE_DELAY=-1;DB_CLOSE_ON_EXIT=false]
2024-04-24T17:02:26.019+05:30 DEBUG 5824 --- [Vehicle Management Module] [           main] o.s.jdbc.datasource.init.ScriptUtils     : Executing SQL script from file [C:\Users\2318431\Downloads\Ridesharingplatform\target\classes\data.sql]
2024-04-24T17:02:26.038+05:30 DEBUG 5824 --- [Vehicle Management Module] [           main] o.s.jdbc.datasource.init.ScriptUtils     : 1 returned as update count for SQL: insert into vechicle_types values(1,2,2,10)
2024-04-24T17:02:26.038+05:30 DEBUG 5824 --- [Vehicle Management Module] [           main] o.s.jdbc.datasource.init.ScriptUtils     : 1 returned as update count for SQL: insert into vechicle_types values(2,4,5,20)
2024-04-24T17:02:26.038+05:30 DEBUG 5824 --- [Vehicle Management Module] [           main] o.s.jdbc.datasource.init.ScriptUtils     : Executed SQL script from file [C:\Users\2318431\Downloads\Ridesharingplatform\target\classes\data.sql] in 19 ms.
2024-04-24T17:02:26.041+05:30 DEBUG 5824 --- [Vehicle Management Module] [           main] o.s.b.f.s.DefaultListableBeanFactory     : Creating shared instance of singleton bean 'entityManagerFactory'
2024-04-24T17:02:26.041+05:30 DEBUG 5824 --- [Vehicle Management Module] [           main] o.s.b.f.s.DefaultListableBeanFactory     : Creating shared instance of singleton bean 'org.springframework.boot.autoconfigure.orm.jpa.HibernateJpaConfiguration'
2024-04-24T17:02:26.043+05:30 DEBUG 5824 --- [Vehicle Management Module] [           main] o.s.b.f.s.DefaultListableBeanFactory     : Creating shared instance of singleton bean 'spring.jpa-org.springframework.boot.autoconfigure.orm.jpa.JpaProperties'
2024-04-24T17:02:26.049+05:30 DEBUG 5824 --- [Vehicle Management Module] [           main] o.s.b.f.s.DefaultListableBeanFactory     : Creating shared instance of singleton bean 'spring.jpa.hibernate-org.springframework.boot.autoconfigure.orm.jpa.HibernateProperties'
2024-04-24T17:02:26.052+05:30 DEBUG 5824 --- [Vehicle Management Module] [           main] o.s.b.f.s.DefaultListableBeanFactory     : Autowiring by type from bean name 'org.springframework.boot.autoconfigure.orm.jpa.HibernateJpaConfiguration' via constructor to bean named 'dataSource'
2024-04-24T17:02:26.052+05:30 DEBUG 5824 --- [Vehicle Management Module] [           main] o.s.b.f.s.DefaultListableBeanFactory     : Autowiring by type from bean name 'org.springframework.boot.autoconfigure.orm.jpa.HibernateJpaConfiguration' via constructor to bean named 'spring.jpa-org.springframework.boot.autoconfigure.orm.jpa.JpaProperties'
2024-04-24T17:02:26.052+05:30 DEBUG 5824 --- [Vehicle Management Module] [           main] o.s.b.f.s.DefaultListableBeanFactory     : Autowiring by type from bean name 'org.springframework.boot.autoconfigure.orm.jpa.HibernateJpaConfiguration' via constructor to bean named 'org.springframework.beans.factory.support.DefaultListableBeanFactory@28220b56'
2024-04-24T17:02:26.052+05:30 DEBUG 5824 --- [Vehicle Management Module] [           main] o.s.b.f.s.DefaultListableBeanFactory     : Autowiring by type from bean name 'org.springframework.boot.autoconfigure.orm.jpa.HibernateJpaConfiguration' via constructor to bean named 'spring.jpa.hibernate-org.springframework.boot.autoconfigure.orm.jpa.HibernateProperties'
2024-04-24T17:02:26.054+05:30 DEBUG 5824 --- [Vehicle Management Module] [           main] o.s.b.f.s.DefaultListableBeanFactory     : Creating shared instance of singleton bean 'hikariPoolDataSourceMetadataProvider'
2024-04-24T17:02:26.055+05:30 DEBUG 5824 --- [Vehicle Management Module] [           main] o.s.b.f.s.DefaultListableBeanFactory     : Creating shared instance of singleton bean 'org.springframework.boot.autoconfigure.jdbc.metadata.DataSourcePoolMetadataProvidersConfiguration$HikariPoolDataSourceMetadataProviderConfiguration'
2024-04-24T17:02:26.061+05:30 DEBUG 5824 --- [Vehicle Management Module] [           main] o.s.b.f.s.DefaultListableBeanFactory     : Creating shared instance of singleton bean 'entityManagerFactoryBuilder'
2024-04-24T17:02:26.062+05:30 DEBUG 5824 --- [Vehicle Management Module] [           main] o.s.b.f.s.DefaultListableBeanFactory     : Creating shared instance of singleton bean 'jpaVendorAdapter'
2024-04-24T17:02:26.064+05:30 DEBUG 5824 --- [Vehicle Management Module] [           main] o.s.b.f.s.DefaultListableBeanFactory     : Autowiring by type from bean name 'entityManagerFactoryBuilder' via factory method to bean named 'jpaVendorAdapter'
2024-04-24T17:02:26.066+05:30 DEBUG 5824 --- [Vehicle Management Module] [           main] o.s.b.f.s.DefaultListableBeanFactory     : Creating shared instance of singleton bean 'persistenceManagedTypes'
2024-04-24T17:02:26.068+05:30 DEBUG 5824 --- [Vehicle Management Module] [           main] o.s.b.f.s.DefaultListableBeanFactory     : Autowiring by type from bean name 'persistenceManagedTypes' via factory method to bean named 'org.springframework.beans.factory.support.DefaultListableBeanFactory@28220b56'
2024-04-24T17:02:26.068+05:30 DEBUG 5824 --- [Vehicle Management Module] [           main] o.s.b.f.s.DefaultListableBeanFactory     : Autowiring by type from bean name 'persistenceManagedTypes' via factory method to bean named 'org.springframework.context.annotation.AnnotationConfigApplicationContext@4fc23215'
2024-04-24T17:02:26.068+05:30 DEBUG 5824 --- [Vehicle Management Module] [           main] o.s.b.f.s.DefaultListableBeanFactory     : Creating shared instance of singleton bean 'org.springframework.boot.autoconfigure.domain.EntityScanPackages'
2024-04-24T17:02:26.074+05:30 DEBUG 5824 --- [Vehicle Management Module] [           main] o.s.b.f.s.DefaultListableBeanFactory     : Autowiring by type from bean name 'entityManagerFactory' via factory method to bean named 'entityManagerFactoryBuilder'
2024-04-24T17:02:26.074+05:30 DEBUG 5824 --- [Vehicle Management Module] [           main] o.s.b.f.s.DefaultListableBeanFactory     : Autowiring by type from bean name 'entityManagerFactory' via factory method to bean named 'persistenceManagedTypes'
2024-04-24T17:02:26.077+05:30 DEBUG 5824 --- [Vehicle Management Module] [           main] j.LocalContainerEntityManagerFactoryBean : Building JPA container EntityManagerFactory for persistence unit 'default'
2024-04-24T17:02:26.078+05:30 DEBUG 5824 --- [Vehicle Management Module] [           main] o.hibernate.jpa.internal.util.LogHelper  : PersistenceUnitInfo [
	name: default
	persistence provider classname: null
	classloader: jdk.internal.loader.ClassLoaders$AppClassLoader@28c97a5
	excludeUnlistedClasses: true
	JTA datasource: null
	Non JTA datasource: org.springframework.jdbc.datasource.embedded.EmbeddedDatabaseFactory$EmbeddedDataSourceProxy@30decae
	Transaction type: RESOURCE_LOCAL
	PU root URL: file:/C:/Users/2318431/Downloads/Ridesharingplatform/target/test-classes/
	Shared Cache Mode: UNSPECIFIED
	Validation Mode: AUTO
	Jar files URLs []
	Managed classes names [
		com.cognizant.main.entities.VehicleDetails
		com.cognizant.main.entities.Vehicles
		com.cognizant.main.entities.VehicleTypes]
	Mapping files names []
	Properties []
2024-04-24T17:02:26.078+05:30 DEBUG 5824 --- [Vehicle Management Module] [           main] o.h.i.internal.IntegratorServiceImpl     : Adding Integrator [org.hibernate.boot.beanvalidation.BeanValidationIntegrator].
2024-04-24T17:02:26.078+05:30 DEBUG 5824 --- [Vehicle Management Module] [           main] o.h.i.internal.IntegratorServiceImpl     : Adding Integrator [org.hibernate.cache.internal.CollectionCacheInvalidator].
2024-04-24T17:02:26.089+05:30 DEBUG 5824 --- [Vehicle Management Module] [           main] org.hibernate.orm.idgen.factory          : Registering IdentifierGenerator strategy [uuid2] -> [org.hibernate.id.UUIDGenerator]
2024-04-24T17:02:26.089+05:30 DEBUG 5824 --- [Vehicle Management Module] [           main] org.hibernate.orm.idgen.factory          : Registering IdentifierGenerator strategy [guid] -> [org.hibernate.id.GUIDGenerator]
2024-04-24T17:02:26.089+05:30 DEBUG 5824 --- [Vehicle Management Module] [           main] org.hibernate.orm.idgen.factory          : Registering IdentifierGenerator strategy [uuid] -> [org.hibernate.id.UUIDHexGenerator]
2024-04-24T17:02:26.089+05:30 DEBUG 5824 --- [Vehicle Management Module] [           main] org.hibernate.orm.idgen.factory          : Registering IdentifierGenerator strategy [uuid.hex] -> [org.hibernate.id.UUIDHexGenerator]
2024-04-24T17:02:26.089+05:30 DEBUG 5824 --- [Vehicle Management Module] [           main] org.hibernate.orm.idgen.factory          : Registering IdentifierGenerator strategy [assigned] -> [org.hibernate.id.Assigned]
2024-04-24T17:02:26.089+05:30 DEBUG 5824 --- [Vehicle Management Module] [           main] org.hibernate.orm.idgen.factory          : Registering IdentifierGenerator strategy [identity] -> [org.hibernate.id.IdentityGenerator]
2024-04-24T17:02:26.089+05:30 DEBUG 5824 --- [Vehicle Management Module] [           main] org.hibernate.orm.idgen.factory          : Registering IdentifierGenerator strategy [select] -> [org.hibernate.id.SelectGenerator]
2024-04-24T17:02:26.089+05:30 DEBUG 5824 --- [Vehicle Management Module] [           main] org.hibernate.orm.idgen.factory          : Registering IdentifierGenerator strategy [sequence] -> [org.hibernate.id.enhanced.SequenceStyleGenerator]
2024-04-24T17:02:26.089+05:30 DEBUG 5824 --- [Vehicle Management Module] [           main] org.hibernate.orm.idgen.factory          : Registering IdentifierGenerator strategy [increment] -> [org.hibernate.id.IncrementGenerator]
2024-04-24T17:02:26.089+05:30 DEBUG 5824 --- [Vehicle Management Module] [           main] org.hibernate.orm.idgen.factory          : Registering IdentifierGenerator strategy [foreign] -> [org.hibernate.id.ForeignGenerator]
2024-04-24T17:02:26.089+05:30 DEBUG 5824 --- [Vehicle Management Module] [           main] org.hibernate.orm.idgen.factory          : Registering IdentifierGenerator strategy [enhanced-sequence] -> [org.hibernate.id.enhanced.SequenceStyleGenerator]
2024-04-24T17:02:26.089+05:30 DEBUG 5824 --- [Vehicle Management Module] [           main] org.hibernate.orm.idgen.factory          : Registering IdentifierGenerator strategy [enhanced-table] -> [org.hibernate.id.enhanced.TableGenerator]
2024-04-24T17:02:26.090+05:30 DEBUG 5824 --- [Vehicle Management Module] [           main] o.h.c.internal.RegionFactoryInitiator    : Cannot default RegionFactory based on registered strategies as `[]` RegionFactory strategies were registered
2024-04-24T17:02:26.090+05:30  INFO 5824 --- [Vehicle Management Module] [           main] o.h.c.internal.RegionFactoryInitiator    : HHH000026: Second-level cache disabled
2024-04-24T17:02:26.091+05:30 DEBUG 5824 --- [Vehicle Management Module] [           main] org.hibernate.type.BasicTypeRegistry     : Adding type registration boolean -> org.hibernate.type.BasicTypeReference@1214c98b
2024-04-24T17:02:26.091+05:30 DEBUG 5824 --- [Vehicle Management Module] [           main] org.hibernate.type.BasicTypeRegistry     : Adding type registration boolean -> org.hibernate.type.BasicTypeReference@1214c98b
2024-04-24T17:02:26.091+05:30 DEBUG 5824 --- [Vehicle Management Module] [           main] org.hibernate.type.BasicTypeRegistry     : Adding type registration java.lang.Boolean -> org.hibernate.type.BasicTypeReference@1214c98b
2024-04-24T17:02:26.091+05:30 DEBUG 5824 --- [Vehicle Management Module] [           main] org.hibernate.type.BasicTypeRegistry     : Adding type registration numeric_boolean -> org.hibernate.type.BasicTypeReference@6ab50d1c
2024-04-24T17:02:26.091+05:30 DEBUG 5824 --- [Vehicle Management Module] [           main] org.hibernate.type.BasicTypeRegistry     : Adding type registration org.hibernate.type.NumericBooleanConverter -> org.hibernate.type.BasicTypeReference@6ab50d1c
2024-04-24T17:02:26.091+05:30 DEBUG 5824 --- [Vehicle Management Module] [           main] org.hibernate.type.BasicTypeRegistry     : Adding type registration true_false -> org.hibernate.type.BasicTypeReference@6e0d058a
2024-04-24T17:02:26.091+05:30 DEBUG 5824 --- [Vehicle Management Module] [           main] org.hibernate.type.BasicTypeRegistry     : Adding type registration org.hibernate.type.TrueFalseConverter -> org.hibernate.type.BasicTypeReference@6e0d058a
2024-04-24T17:02:26.091+05:30 DEBUG 5824 --- [Vehicle Management Module] [           main] org.hibernate.type.BasicTypeRegistry     : Adding type registration yes_no -> org.hibernate.type.BasicTypeReference@3eb0fd88
2024-04-24T17:02:26.091+05:30 DEBUG 5824 --- [Vehicle Management Module] [           main] org.hibernate.type.BasicTypeRegistry     : Adding type registration org.hibernate.type.YesNoConverter -> org.hibernate.type.BasicTypeReference@3eb0fd88
2024-04-24T17:02:26.091+05:30 DEBUG 5824 --- [Vehicle Management Module] [           main] org.hibernate.type.BasicTypeRegistry     : Adding type registration byte -> org.hibernate.type.BasicTypeReference@adc3344
2024-04-24T17:02:26.091+05:30 DEBUG 5824 --- [Vehicle Management Module] [           main] org.hibernate.type.BasicTypeRegistry     : Adding type registration byte -> org.hibernate.type.BasicTypeReference@adc3344
2024-04-24T17:02:26.091+05:30 DEBUG 5824 --- [Vehicle Management Module] [           main] org.hibernate.type.BasicTypeRegistry     : Adding type registration java.lang.Byte -> org.hibernate.type.BasicTypeReference@adc3344
2024-04-24T17:02:26.091+05:30 DEBUG 5824 --- [Vehicle Management Module] [           main] org.hibernate.type.BasicTypeRegistry     : Adding type registration binary -> org.hibernate.type.BasicTypeReference@484302ee
2024-04-24T17:02:26.091+05:30 DEBUG 5824 --- [Vehicle Management Module] [           main] org.hibernate.type.BasicTypeRegistry     : Adding type registration byte[] -> org.hibernate.type.BasicTypeReference@484302ee
2024-04-24T17:02:26.091+05:30 DEBUG 5824 --- [Vehicle Management Module] [           main] org.hibernate.type.BasicTypeRegistry     : Adding type registration [B -> org.hibernate.type.BasicTypeReference@484302ee
2024-04-24T17:02:26.091+05:30 DEBUG 5824 --- [Vehicle Management Module] [           main] org.hibernate.type.BasicTypeRegistry     : Adding type registration binary_wrapper -> org.hibernate.type.BasicTypeReference@4e647f39
2024-04-24T17:02:26.091+05:30 DEBUG 5824 --- [Vehicle Management Module] [           main] org.hibernate.type.BasicTypeRegistry     : Adding type registration wrapper-binary -> org.hibernate.type.BasicTypeReference@4e647f39
2024-04-24T17:02:26.091+05:30 DEBUG 5824 --- [Vehicle Management Module] [           main] org.hibernate.type.BasicTypeRegistry     : Adding type registration image -> org.hibernate.type.BasicTypeReference@778197c0
2024-04-24T17:02:26.091+05:30 DEBUG 5824 --- [Vehicle Management Module] [           main] org.hibernate.type.BasicTypeRegistry     : Adding type registration blob -> org.hibernate.type.BasicTypeReference@1c2cdc67
2024-04-24T17:02:26.091+05:30 DEBUG 5824 --- [Vehicle Management Module] [           main] org.hibernate.type.BasicTypeRegistry     : Adding type registration java.sql.Blob -> org.hibernate.type.BasicTypeReference@1c2cdc67
2024-04-24T17:02:26.091+05:30 DEBUG 5824 --- [Vehicle Management Module] [           main] org.hibernate.type.BasicTypeRegistry     : Adding type registration materialized_blob -> org.hibernate.type.BasicTypeReference@4c28f97e
2024-04-24T17:02:26.092+05:30 DEBUG 5824 --- [Vehicle Management Module] [           main] org.hibernate.type.BasicTypeRegistry     : Adding type registration materialized_blob_wrapper -> org.hibernate.type.BasicTypeReference@21d8da75
2024-04-24T17:02:26.092+05:30 DEBUG 5824 --- [Vehicle Management Module] [           main] org.hibernate.type.BasicTypeRegistry     : Adding type registration short -> org.hibernate.type.BasicTypeReference@5a1c7619
2024-04-24T17:02:26.092+05:30 DEBUG 5824 --- [Vehicle Management Module] [           main] org.hibernate.type.BasicTypeRegistry     : Adding type registration short -> org.hibernate.type.BasicTypeReference@5a1c7619
2024-04-24T17:02:26.092+05:30 DEBUG 5824 --- [Vehicle Management Module] [           main] org.hibernate.type.BasicTypeRegistry     : Adding type registration java.lang.Short -> org.hibernate.type.BasicTypeReference@5a1c7619
2024-04-24T17:02:26.092+05:30 DEBUG 5824 --- [Vehicle Management Module] [           main] org.hibernate.type.BasicTypeRegistry     : Adding type registration integer -> org.hibernate.type.BasicTypeReference@20a946d9
2024-04-24T17:02:26.092+05:30 DEBUG 5824 --- [Vehicle Management Module] [           main] org.hibernate.type.BasicTypeRegistry     : Adding type registration int -> org.hibernate.type.BasicTypeReference@20a946d9
2024-04-24T17:02:26.092+05:30 DEBUG 5824 --- [Vehicle Management Module] [           main] org.hibernate.type.BasicTypeRegistry     : Adding type registration java.lang.Integer -> org.hibernate.type.BasicTypeReference@20a946d9
2024-04-24T17:02:26.092+05:30 DEBUG 5824 --- [Vehicle Management Module] [           main] org.hibernate.type.BasicTypeRegistry     : Adding type registration long -> org.hibernate.type.BasicTypeReference@2b41b8bb
2024-04-24T17:02:26.092+05:30 DEBUG 5824 --- [Vehicle Management Module] [           main] org.hibernate.type.BasicTypeRegistry     : Adding type registration long -> org.hibernate.type.BasicTypeReference@2b41b8bb
2024-04-24T17:02:26.092+05:30 DEBUG 5824 --- [Vehicle Management Module] [           main] org.hibernate.type.BasicTypeRegistry     : Adding type registration java.lang.Long -> org.hibernate.type.BasicTypeReference@2b41b8bb
2024-04-24T17:02:26.092+05:30 DEBUG 5824 --- [Vehicle Management Module] [           main] org.hibernate.type.BasicTypeRegistry     : Adding type registration float -> org.hibernate.type.BasicTypeReference@4cadd4d4
2024-04-24T17:02:26.092+05:30 DEBUG 5824 --- [Vehicle Management Module] [           main] org.hibernate.type.BasicTypeRegistry     : Adding type registration float -> org.hibernate.type.BasicTypeReference@4cadd4d4
2024-04-24T17:02:26.092+05:30 DEBUG 5824 --- [Vehicle Management Module] [           main] org.hibernate.type.BasicTypeRegistry     : Adding type registration java.lang.Float -> org.hibernate.type.BasicTypeReference@4cadd4d4
2024-04-24T17:02:26.092+05:30 DEBUG 5824 --- [Vehicle Management Module] [           main] org.hibernate.type.BasicTypeRegistry     : Adding type registration double -> org.hibernate.type.BasicTypeReference@7538cfe6
2024-04-24T17:02:26.092+05:30 DEBUG 5824 --- [Vehicle Management Module] [           main] org.hibernate.type.BasicTypeRegistry     : Adding type registration double -> org.hibernate.type.BasicTypeReference@7538cfe6
2024-04-24T17:02:26.092+05:30 DEBUG 5824 --- [Vehicle Management Module] [           main] org.hibernate.type.BasicTypeRegistry     : Adding type registration java.lang.Double -> org.hibernate.type.BasicTypeReference@7538cfe6
2024-04-24T17:02:26.092+05:30 DEBUG 5824 --- [Vehicle Management Module] [           main] org.hibernate.type.BasicTypeRegistry     : Adding type registration big_integer -> org.hibernate.type.BasicTypeReference@1f4dd016
2024-04-24T17:02:26.092+05:30 DEBUG 5824 --- [Vehicle Management Module] [           main] org.hibernate.type.BasicTypeRegistry     : Adding type registration java.math.BigInteger -> org.hibernate.type.BasicTypeReference@1f4dd016
2024-04-24T17:02:26.092+05:30 DEBUG 5824 --- [Vehicle Management Module] [           main] org.hibernate.type.BasicTypeRegistry     : Adding type registration big_decimal -> org.hibernate.type.BasicTypeReference@396f2724
2024-04-24T17:02:26.092+05:30 DEBUG 5824 --- [Vehicle Management Module] [           main] org.hibernate.type.BasicTypeRegistry     : Adding type registration java.math.BigDecimal -> org.hibernate.type.BasicTypeReference@396f2724
2024-04-24T17:02:26.092+05:30 DEBUG 5824 --- [Vehicle Management Module] [           main] org.hibernate.type.BasicTypeRegistry     : Adding type registration character -> org.hibernate.type.BasicTypeReference@1b465fa9
2024-04-24T17:02:26.092+05:30 DEBUG 5824 --- [Vehicle Management Module] [           main] org.hibernate.type.BasicTypeRegistry     : Adding type registration char -> org.hibernate.type.BasicTypeReference@1b465fa9
2024-04-24T17:02:26.092+05:30 DEBUG 5824 --- [Vehicle Management Module] [           main] org.hibernate.type.BasicTypeRegistry     : Adding type registration java.lang.Character -> org.hibernate.type.BasicTypeReference@1b465fa9
2024-04-24T17:02:26.092+05:30 DEBUG 5824 --- [Vehicle Management Module] [           main] org.hibernate.type.BasicTypeRegistry     : Adding type registration character_nchar -> org.hibernate.type.BasicTypeReference@28b2e4d8
2024-04-24T17:02:26.093+05:30 DEBUG 5824 --- [Vehicle Management Module] [           main] org.hibernate.type.BasicTypeRegistry     : Adding type registration string -> org.hibernate.type.BasicTypeReference@598e5cb8
2024-04-24T17:02:26.093+05:30 DEBUG 5824 --- [Vehicle Management Module] [           main] org.hibernate.type.BasicTypeRegistry     : Adding type registration java.lang.String -> org.hibernate.type.BasicTypeReference@598e5cb8
2024-04-24T17:02:26.093+05:30 DEBUG 5824 --- [Vehicle Management Module] [           main] org.hibernate.type.BasicTypeRegistry     : Adding type registration nstring -> org.hibernate.type.BasicTypeReference@199806aa
2024-04-24T17:02:26.093+05:30 DEBUG 5824 --- [Vehicle Management Module] [           main] org.hibernate.type.BasicTypeRegistry     : Adding type registration characters -> org.hibernate.type.BasicTypeReference@300aa927
2024-04-24T17:02:26.093+05:30 DEBUG 5824 --- [Vehicle Management Module] [           main] org.hibernate.type.BasicTypeRegistry     : Adding type registration char[] -> org.hibernate.type.BasicTypeReference@300aa927
2024-04-24T17:02:26.093+05:30 DEBUG 5824 --- [Vehicle Management Module] [           main] org.hibernate.type.BasicTypeRegistry     : Adding type registration [C -> org.hibernate.type.BasicTypeReference@300aa927
2024-04-24T17:02:26.093+05:30 DEBUG 5824 --- [Vehicle Management Module] [           main] org.hibernate.type.BasicTypeRegistry     : Adding type registration wrapper-characters -> org.hibernate.type.BasicTypeReference@fa11fda
2024-04-24T17:02:26.093+05:30 DEBUG 5824 --- [Vehicle Management Module] [           main] org.hibernate.type.BasicTypeRegistry     : Adding type registration text -> org.hibernate.type.BasicTypeReference@24e1e90a
2024-04-24T17:02:26.093+05:30 DEBUG 5824 --- [Vehicle Management Module] [           main] org.hibernate.type.BasicTypeRegistry     : Adding type registration ntext -> org.hibernate.type.BasicTypeReference@7d95166a
2024-04-24T17:02:26.093+05:30 DEBUG 5824 --- [Vehicle Management Module] [           main] org.hibernate.type.BasicTypeRegistry     : Adding type registration clob -> org.hibernate.type.BasicTypeReference@18b3db6e
2024-04-24T17:02:26.093+05:30 DEBUG 5824 --- [Vehicle Management Module] [           main] org.hibernate.type.BasicTypeRegistry     : Adding type registration java.sql.Clob -> org.hibernate.type.BasicTypeReference@18b3db6e
2024-04-24T17:02:26.093+05:30 DEBUG 5824 --- [Vehicle Management Module] [           main] org.hibernate.type.BasicTypeRegistry     : Adding type registration nclob -> org.hibernate.type.BasicTypeReference@1feb586d
2024-04-24T17:02:26.093+05:30 DEBUG 5824 --- [Vehicle Management Module] [           main] org.hibernate.type.BasicTypeRegistry     : Adding type registration java.sql.NClob -> org.hibernate.type.BasicTypeReference@1feb586d
2024-04-24T17:02:26.093+05:30 DEBUG 5824 --- [Vehicle Management Module] [           main] org.hibernate.type.BasicTypeRegistry     : Adding type registration materialized_clob -> org.hibernate.type.BasicTypeReference@34695b23
2024-04-24T17:02:26.093+05:30 DEBUG 5824 --- [Vehicle Management Module] [           main] org.hibernate.type.BasicTypeRegistry     : Adding type registration materialized_clob_char_array -> org.hibernate.type.BasicTypeReference@611a2d82
2024-04-24T17:02:26.093+05:30 DEBUG 5824 --- [Vehicle Management Module] [           main] org.hibernate.type.BasicTypeRegistry     : Adding type registration materialized_clob_character_array -> org.hibernate.type.BasicTypeReference@6774f264
2024-04-24T17:02:26.093+05:30 DEBUG 5824 --- [Vehicle Management Module] [           main] org.hibernate.type.BasicTypeRegistry     : Adding type registration materialized_nclob -> org.hibernate.type.BasicTypeReference@2299f6d7
2024-04-24T17:02:26.093+05:30 DEBUG 5824 --- [Vehicle Management Module] [           main] org.hibernate.type.BasicTypeRegistry     : Adding type registration materialized_nclob_character_array -> org.hibernate.type.BasicTypeReference@5cd701e4
2024-04-24T17:02:26.093+05:30 DEBUG 5824 --- [Vehicle Management Module] [           main] org.hibernate.type.BasicTypeRegistry     : Adding type registration materialized_nclob_char_array -> org.hibernate.type.BasicTypeReference@6c9151c1
2024-04-24T17:02:26.093+05:30 DEBUG 5824 --- [Vehicle Management Module] [           main] org.hibernate.type.BasicTypeRegistry     : Adding type registration Duration -> org.hibernate.type.BasicTypeReference@2c3679e5
2024-04-24T17:02:26.093+05:30 DEBUG 5824 --- [Vehicle Management Module] [           main] org.hibernate.type.BasicTypeRegistry     : Adding type registration java.time.Duration -> org.hibernate.type.BasicTypeReference@2c3679e5
2024-04-24T17:02:26.093+05:30 DEBUG 5824 --- [Vehicle Management Module] [           main] org.hibernate.type.BasicTypeRegistry     : Adding type registration LocalDateTime -> org.hibernate.type.BasicTypeReference@41f40dfa
2024-04-24T17:02:26.093+05:30 DEBUG 5824 --- [Vehicle Management Module] [           main] org.hibernate.type.BasicTypeRegistry     : Adding type registration java.time.LocalDateTime -> org.hibernate.type.BasicTypeReference@41f40dfa
2024-04-24T17:02:26.094+05:30 DEBUG 5824 --- [Vehicle Management Module] [           main] org.hibernate.type.BasicTypeRegistry     : Adding type registration LocalDate -> org.hibernate.type.BasicTypeReference@2548fc01
2024-04-24T17:02:26.094+05:30 DEBUG 5824 --- [Vehicle Management Module] [           main] org.hibernate.type.BasicTypeRegistry     : Adding type registration java.time.LocalDate -> org.hibernate.type.BasicTypeReference@2548fc01
2024-04-24T17:02:26.094+05:30 DEBUG 5824 --- [Vehicle Management Module] [           main] org.hibernate.type.BasicTypeRegistry     : Adding type registration LocalTime -> org.hibernate.type.BasicTypeReference@4331be30
2024-04-24T17:02:26.094+05:30 DEBUG 5824 --- [Vehicle Management Module] [           main] org.hibernate.type.BasicTypeRegistry     : Adding type registration java.time.LocalTime -> org.hibernate.type.BasicTypeReference@4331be30
2024-04-24T17:02:26.094+05:30 DEBUG 5824 --- [Vehicle Management Module] [           main] org.hibernate.type.BasicTypeRegistry     : Adding type registration OffsetDateTime -> org.hibernate.type.BasicTypeReference@5cd71ee2
2024-04-24T17:02:26.094+05:30 DEBUG 5824 --- [Vehicle Management Module] [           main] org.hibernate.type.BasicTypeRegistry     : Adding type registration java.time.OffsetDateTime -> org.hibernate.type.BasicTypeReference@5cd71ee2
2024-04-24T17:02:26.094+05:30 DEBUG 5824 --- [Vehicle Management Module] [           main] org.hibernate.type.BasicTypeRegistry     : Adding type registration OffsetDateTimeWithTimezone -> org.hibernate.type.BasicTypeReference@3dad535f
2024-04-24T17:02:26.094+05:30 DEBUG 5824 --- [Vehicle Management Module] [           main] org.hibernate.type.BasicTypeRegistry     : Adding type registration OffsetDateTimeWithoutTimezone -> org.hibernate.type.BasicTypeReference@5f67181f
2024-04-24T17:02:26.094+05:30 DEBUG 5824 --- [Vehicle Management Module] [           main] org.hibernate.type.BasicTypeRegistry     : Adding type registration OffsetTime -> org.hibernate.type.BasicTypeReference@1169fdfd
2024-04-24T17:02:26.094+05:30 DEBUG 5824 --- [Vehicle Management Module] [           main] org.hibernate.type.BasicTypeRegistry     : Adding type registration java.time.OffsetTime -> org.hibernate.type.BasicTypeReference@1169fdfd
2024-04-24T17:02:26.094+05:30 DEBUG 5824 --- [Vehicle Management Module] [           main] org.hibernate.type.BasicTypeRegistry     : Adding type registration OffsetTimeUtc -> org.hibernate.type.BasicTypeReference@75add13c
2024-04-24T17:02:26.094+05:30 DEBUG 5824 --- [Vehicle Management Module] [           main] org.hibernate.type.BasicTypeRegistry     : Adding type registration OffsetTimeWithTimezone -> org.hibernate.type.BasicTypeReference@224d537d
2024-04-24T17:02:26.094+05:30 DEBUG 5824 --- [Vehicle Management Module] [           main] org.hibernate.type.BasicTypeRegistry     : Adding type registration OffsetTimeWithoutTimezone -> org.hibernate.type.BasicTypeReference@450d10cb
2024-04-24T17:02:26.094+05:30 DEBUG 5824 --- [Vehicle Management Module] [           main] org.hibernate.type.BasicTypeRegistry     : Adding type registration ZonedDateTime -> org.hibernate.type.BasicTypeReference@1bd59b82
2024-04-24T17:02:26.094+05:30 DEBUG 5824 --- [Vehicle Management Module] [           main] org.hibernate.type.BasicTypeRegistry     : Adding type registration java.time.ZonedDateTime -> org.hibernate.type.BasicTypeReference@1bd59b82
2024-04-24T17:02:26.094+05:30 DEBUG 5824 --- [Vehicle Management Module] [           main] org.hibernate.type.BasicTypeRegistry     : Adding type registration ZonedDateTimeWithTimezone -> org.hibernate.type.BasicTypeReference@6a9df5
2024-04-24T17:02:26.094+05:30 DEBUG 5824 --- [Vehicle Management Module] [           main] org.hibernate.type.BasicTypeRegistry     : Adding type registration ZonedDateTimeWithoutTimezone -> org.hibernate.type.BasicTypeReference@48f4f03e
2024-04-24T17:02:26.094+05:30 DEBUG 5824 --- [Vehicle Management Module] [           main] org.hibernate.type.BasicTypeRegistry     : Adding type registration date -> org.hibernate.type.BasicTypeReference@65d23aa3
2024-04-24T17:02:26.094+05:30 DEBUG 5824 --- [Vehicle Management Module] [           main] org.hibernate.type.BasicTypeRegistry     : Adding type registration java.sql.Date -> org.hibernate.type.BasicTypeReference@65d23aa3
2024-04-24T17:02:26.094+05:30 DEBUG 5824 --- [Vehicle Management Module] [           main] org.hibernate.type.BasicTypeRegistry     : Adding type registration time -> org.hibernate.type.BasicTypeReference@52eca410
2024-04-24T17:02:26.094+05:30 DEBUG 5824 --- [Vehicle Management Module] [           main] org.hibernate.type.BasicTypeRegistry     : Adding type registration java.sql.Time -> org.hibernate.type.BasicTypeReference@52eca410
2024-04-24T17:02:26.094+05:30 DEBUG 5824 --- [Vehicle Management Module] [           main] org.hibernate.type.BasicTypeRegistry     : Adding type registration timestamp -> org.hibernate.type.BasicTypeReference@63d0e8d
2024-04-24T17:02:26.095+05:30 DEBUG 5824 --- [Vehicle Management Module] [           main] org.hibernate.type.BasicTypeRegistry     : Adding type registration java.sql.Timestamp -> org.hibernate.type.BasicTypeReference@63d0e8d
2024-04-24T17:02:26.095+05:30 DEBUG 5824 --- [Vehicle Management Module] [           main] org.hibernate.type.BasicTypeRegistry     : Adding type registration java.util.Date -> org.hibernate.type.BasicTypeReference@63d0e8d
2024-04-24T17:02:26.095+05:30 DEBUG 5824 --- [Vehicle Management Module] [           main] org.hibernate.type.BasicTypeRegistry     : Adding type registration calendar -> org.hibernate.type.BasicTypeReference@69a76b74
2024-04-24T17:02:26.095+05:30 DEBUG 5824 --- [Vehicle Management Module] [           main] org.hibernate.type.BasicTypeRegistry     : Adding type registration java.util.Calendar -> org.hibernate.type.BasicTypeReference@69a76b74
2024-04-24T17:02:26.095+05:30 DEBUG 5824 --- [Vehicle Management Module] [           main] org.hibernate.type.BasicTypeRegistry     : Adding type registration java.util.GregorianCalendar -> org.hibernate.type.BasicTypeReference@69a76b74
2024-04-24T17:02:26.095+05:30 DEBUG 5824 --- [Vehicle Management Module] [           main] org.hibernate.type.BasicTypeRegistry     : Adding type registration calendar_date -> org.hibernate.type.BasicTypeReference@1dd443c1
2024-04-24T17:02:26.095+05:30 DEBUG 5824 --- [Vehicle Management Module] [           main] org.hibernate.type.BasicTypeRegistry     : Adding type registration calendar_time -> org.hibernate.type.BasicTypeReference@2aafa84f
2024-04-24T17:02:26.095+05:30 DEBUG 5824 --- [Vehicle Management Module] [           main] org.hibernate.type.BasicTypeRegistry     : Adding type registration instant -> org.hibernate.type.BasicTypeReference@448892f1
2024-04-24T17:02:26.095+05:30 DEBUG 5824 --- [Vehicle Management Module] [           main] org.hibernate.type.BasicTypeRegistry     : Adding type registration java.time.Instant -> org.hibernate.type.BasicTypeReference@448892f1
2024-04-24T17:02:26.095+05:30 DEBUG 5824 --- [Vehicle Management Module] [           main] org.hibernate.type.BasicTypeRegistry     : Adding type registration uuid -> org.hibernate.type.BasicTypeReference@1626bddf
2024-04-24T17:02:26.095+05:30 DEBUG 5824 --- [Vehicle Management Module] [           main] org.hibernate.type.BasicTypeRegistry     : Adding type registration java.util.UUID -> org.hibernate.type.BasicTypeReference@1626bddf
2024-04-24T17:02:26.095+05:30 DEBUG 5824 --- [Vehicle Management Module] [           main] org.hibernate.type.BasicTypeRegistry     : Adding type registration pg-uuid -> org.hibernate.type.BasicTypeReference@1626bddf
2024-04-24T17:02:26.095+05:30 DEBUG 5824 --- [Vehicle Management Module] [           main] org.hibernate.type.BasicTypeRegistry     : Adding type registration uuid-binary -> org.hibernate.type.BasicTypeReference@29532e91
2024-04-24T17:02:26.095+05:30 DEBUG 5824 --- [Vehicle Management Module] [           main] org.hibernate.type.BasicTypeRegistry     : Adding type registration uuid-char -> org.hibernate.type.BasicTypeReference@7e691624
2024-04-24T17:02:26.095+05:30 DEBUG 5824 --- [Vehicle Management Module] [           main] org.hibernate.type.BasicTypeRegistry     : Adding type registration class -> org.hibernate.type.BasicTypeReference@7ef60c02
2024-04-24T17:02:26.095+05:30 DEBUG 5824 --- [Vehicle Management Module] [           main] org.hibernate.type.BasicTypeRegistry     : Adding type registration java.lang.Class -> org.hibernate.type.BasicTypeReference@7ef60c02
2024-04-24T17:02:26.095+05:30 DEBUG 5824 --- [Vehicle Management Module] [           main] org.hibernate.type.BasicTypeRegistry     : Adding type registration currency -> org.hibernate.type.BasicTypeReference@5d9d8e46
2024-04-24T17:02:26.095+05:30 DEBUG 5824 --- [Vehicle Management Module] [           main] org.hibernate.type.BasicTypeRegistry     : Adding type registration Currency -> org.hibernate.type.BasicTypeReference@5d9d8e46
2024-04-24T17:02:26.095+05:30 DEBUG 5824 --- [Vehicle Management Module] [           main] org.hibernate.type.BasicTypeRegistry     : Adding type registration java.util.Currency -> org.hibernate.type.BasicTypeReference@5d9d8e46
2024-04-24T17:02:26.095+05:30 DEBUG 5824 --- [Vehicle Management Module] [           main] org.hibernate.type.BasicTypeRegistry     : Adding type registration locale -> org.hibernate.type.BasicTypeReference@6d0a14c2
2024-04-24T17:02:26.095+05:30 DEBUG 5824 --- [Vehicle Management Module] [           main] org.hibernate.type.BasicTypeRegistry     : Adding type registration java.util.Locale -> org.hibernate.type.BasicTypeReference@6d0a14c2
2024-04-24T17:02:26.095+05:30 DEBUG 5824 --- [Vehicle Management Module] [           main] org.hibernate.type.BasicTypeRegistry     : Adding type registration serializable -> org.hibernate.type.BasicTypeReference@5b64f771
2024-04-24T17:02:26.095+05:30 DEBUG 5824 --- [Vehicle Management Module] [           main] org.hibernate.type.BasicTypeRegistry     : Adding type registration java.io.Serializable -> org.hibernate.type.BasicTypeReference@5b64f771
2024-04-24T17:02:26.095+05:30 DEBUG 5824 --- [Vehicle Management Module] [           main] org.hibernate.type.BasicTypeRegistry     : Adding type registration timezone -> org.hibernate.type.BasicTypeReference@153c6603
2024-04-24T17:02:26.095+05:30 DEBUG 5824 --- [Vehicle Management Module] [           main] org.hibernate.type.BasicTypeRegistry     : Adding type registration java.util.TimeZone -> org.hibernate.type.BasicTypeReference@153c6603
2024-04-24T17:02:26.096+05:30 DEBUG 5824 --- [Vehicle Management Module] [           main] org.hibernate.type.BasicTypeRegistry     : Adding type registration ZoneOffset -> org.hibernate.type.BasicTypeReference@24e2355c
2024-04-24T17:02:26.096+05:30 DEBUG 5824 --- [Vehicle Management Module] [           main] org.hibernate.type.BasicTypeRegistry     : Adding type registration java.time.ZoneOffset -> org.hibernate.type.BasicTypeReference@24e2355c
2024-04-24T17:02:26.096+05:30 DEBUG 5824 --- [Vehicle Management Module] [           main] org.hibernate.type.BasicTypeRegistry     : Adding type registration url -> org.hibernate.type.BasicTypeReference@19739906
2024-04-24T17:02:26.096+05:30 DEBUG 5824 --- [Vehicle Management Module] [           main] org.hibernate.type.BasicTypeRegistry     : Adding type registration java.net.URL -> org.hibernate.type.BasicTypeReference@19739906
2024-04-24T17:02:26.096+05:30 DEBUG 5824 --- [Vehicle Management Module] [           main] org.hibernate.type.BasicTypeRegistry     : Adding type registration vector -> org.hibernate.type.BasicTypeReference@65503a26
2024-04-24T17:02:26.096+05:30 DEBUG 5824 --- [Vehicle Management Module] [           main] org.hibernate.type.BasicTypeRegistry     : Adding type registration row_version -> org.hibernate.type.BasicTypeReference@13aa54f1
2024-04-24T17:02:26.096+05:30 DEBUG 5824 --- [Vehicle Management Module] [           main] org.hibernate.type.BasicTypeRegistry     : Adding type registration object -> org.hibernate.type.JavaObjectType@32caae19
2024-04-24T17:02:26.096+05:30 DEBUG 5824 --- [Vehicle Management Module] [           main] org.hibernate.type.BasicTypeRegistry     : Adding type registration java.lang.Object -> org.hibernate.type.JavaObjectType@32caae19
2024-04-24T17:02:26.096+05:30 DEBUG 5824 --- [Vehicle Management Module] [           main] org.hibernate.type.BasicTypeRegistry     : Adding type registration null -> org.hibernate.type.NullType@41404aa2
2024-04-24T17:02:26.096+05:30 DEBUG 5824 --- [Vehicle Management Module] [           main] org.hibernate.type.BasicTypeRegistry     : Adding type registration imm_date -> org.hibernate.type.BasicTypeReference@4cb7b531
2024-04-24T17:02:26.096+05:30 DEBUG 5824 --- [Vehicle Management Module] [           main] org.hibernate.type.BasicTypeRegistry     : Adding type registration imm_time -> org.hibernate.type.BasicTypeReference@724f5157
2024-04-24T17:02:26.096+05:30 DEBUG 5824 --- [Vehicle Management Module] [           main] org.hibernate.type.BasicTypeRegistry     : Adding type registration imm_timestamp -> org.hibernate.type.BasicTypeReference@391dfe82
2024-04-24T17:02:26.096+05:30 DEBUG 5824 --- [Vehicle Management Module] [           main] org.hibernate.type.BasicTypeRegistry     : Adding type registration imm_calendar -> org.hibernate.type.BasicTypeReference@398efb4d
2024-04-24T17:02:26.096+05:30 DEBUG 5824 --- [Vehicle Management Module] [           main] org.hibernate.type.BasicTypeRegistry     : Adding type registration imm_calendar_date -> org.hibernate.type.BasicTypeReference@4861df70
2024-04-24T17:02:26.096+05:30 DEBUG 5824 --- [Vehicle Management Module] [           main] org.hibernate.type.BasicTypeRegistry     : Adding type registration imm_calendar_time -> org.hibernate.type.BasicTypeReference@402ceac2
2024-04-24T17:02:26.096+05:30 DEBUG 5824 --- [Vehicle Management Module] [           main] org.hibernate.type.BasicTypeRegistry     : Adding type registration imm_binary -> org.hibernate.type.BasicTypeReference@1613e5ab
2024-04-24T17:02:26.096+05:30 DEBUG 5824 --- [Vehicle Management Module] [           main] org.hibernate.type.BasicTypeRegistry     : Adding type registration imm_serializable -> org.hibernate.type.BasicTypeReference@580930b7
2024-04-24T17:02:26.103+05:30 DEBUG 5824 --- [Vehicle Management Module] [           main] o.h.boot.internal.BootstrapContextImpl   : Injecting JPA temp ClassLoader [org.springframework.instrument.classloading.SimpleThrowawayClassLoader@39086d6b] into BootstrapContext; was [null]
2024-04-24T17:02:26.103+05:30 DEBUG 5824 --- [Vehicle Management Module] [           main] o.h.boot.internal.ClassLoaderAccessImpl  : ClassLoaderAccessImpl#injectTempClassLoader(org.springframework.instrument.classloading.SimpleThrowawayClassLoader@39086d6b) [was null]
2024-04-24T17:02:26.103+05:30 DEBUG 5824 --- [Vehicle Management Module] [           main] o.h.boot.internal.BootstrapContextImpl   : Injecting ScanEnvironment [org.hibernate.jpa.boot.internal.StandardJpaScanEnvironmentImpl@303fe95c] into BootstrapContext; was [null]
2024-04-24T17:02:26.103+05:30 DEBUG 5824 --- [Vehicle Management Module] [           main] o.h.boot.internal.BootstrapContextImpl   : Injecting ScanOptions [org.hibernate.boot.archive.scan.internal.StandardScanOptions@2122eb64] into BootstrapContext; was [org.hibernate.boot.archive.scan.internal.StandardScanOptions@10b2f8ff]
2024-04-24T17:02:26.112+05:30 DEBUG 5824 --- [Vehicle Management Module] [           main] o.h.b.i.BytecodeProviderInitiator        : HHH000021: Bytecode provider: bytebuddy
2024-04-24T17:02:26.112+05:30  INFO 5824 --- [Vehicle Management Module] [           main] o.s.o.j.p.SpringPersistenceUnitInfo      : No LoadTimeWeaver setup: ignoring JPA class transformer
2024-04-24T17:02:26.112+05:30 DEBUG 5824 --- [Vehicle Management Module] [           main] o.h.boot.internal.BootstrapContextImpl   : Injecting JPA temp ClassLoader [null] into BootstrapContext; was [org.springframework.instrument.classloading.SimpleThrowawayClassLoader@39086d6b]
2024-04-24T17:02:26.112+05:30 DEBUG 5824 --- [Vehicle Management Module] [           main] o.h.boot.internal.ClassLoaderAccessImpl  : ClassLoaderAccessImpl#injectTempClassLoader(null) [was org.springframework.instrument.classloading.SimpleThrowawayClassLoader@39086d6b]
2024-04-24T17:02:26.115+05:30 DEBUG 5824 --- [Vehicle Management Module] [           main] o.s.j.datasource.SimpleDriverDataSource  : Creating new JDBC Driver Connection to [jdbc:h2:mem:77e5e59b-9028-4692-bf3e-2dbb97a1edaf;DB_CLOSE_DELAY=-1;DB_CLOSE_ON_EXIT=false]
2024-04-24T17:02:26.116+05:30 DEBUG 5824 --- [Vehicle Management Module] [           main] o.h.e.j.e.i.JdbcEnvironmentInitiator     : Database ->
       name : H2
    version : 2.2.224 (2023-09-17)
      major : 2
      minor : 2
2024-04-24T17:02:26.116+05:30 DEBUG 5824 --- [Vehicle Management Module] [           main] o.h.e.j.e.i.JdbcEnvironmentInitiator     : Driver ->
       name : H2 JDBC Driver
    version : 2.2.224 (2023-09-17)
      major : 2
      minor : 2
2024-04-24T17:02:26.116+05:30 DEBUG 5824 --- [Vehicle Management Module] [           main] o.h.e.j.e.i.JdbcEnvironmentInitiator     : JDBC version : 4.2
2024-04-24T17:02:26.116+05:30  WARN 5824 --- [Vehicle Management Module] [           main] org.hibernate.orm.deprecation            : HHH90000025: H2Dialect does not need to be specified explicitly using 'hibernate.dialect' (remove the property setting and it will be selected by default)
2024-04-24T17:02:26.117+05:30 DEBUG 5824 --- [Vehicle Management Module] [           main] org.hibernate.orm.dialect                : HHH035001: Using dialect: org.hibernate.dialect.H2Dialect, version: 2.2.224
2024-04-24T17:02:26.117+05:30 DEBUG 5824 --- [Vehicle Management Module] [           main] o.h.e.j.env.spi.IdentifierHelperBuilder  : JDBC driver metadata reported database stores quoted identifiers in neither upper, lower nor mixed case
2024-04-24T17:02:26.119+05:30 DEBUG 5824 --- [Vehicle Management Module] [           main] o.h.t.d.jdbc.spi.JdbcTypeRegistry        : addDescriptor(NCharTypeDescriptor) replaced previous registration(CharTypeDescriptor)
2024-04-24T17:02:26.119+05:30 DEBUG 5824 --- [Vehicle Management Module] [           main] o.h.t.d.jdbc.spi.JdbcTypeRegistry        : addDescriptor(NVarcharTypeDescriptor) replaced previous registration(VarcharTypeDescriptor)
2024-04-24T17:02:26.119+05:30 DEBUG 5824 --- [Vehicle Management Module] [           main] o.h.t.d.jdbc.spi.JdbcTypeRegistry        : addDescriptor(LongNVarcharTypeDescriptor) replaced previous registration(LongVarcharTypeDescriptor)
2024-04-24T17:02:26.119+05:30 DEBUG 5824 --- [Vehicle Management Module] [           main] o.h.t.d.jdbc.spi.JdbcTypeRegistry        : addDescriptor(NClobTypeDescriptor(DEFAULT)) replaced previous registration(ClobTypeDescriptor(DEFAULT))
2024-04-24T17:02:26.119+05:30 DEBUG 5824 --- [Vehicle Management Module] [           main] o.h.t.d.jdbc.spi.JdbcTypeRegistry        : addDescriptor(2005, ClobTypeDescriptor(STREAM_BINDING)) replaced previous registration(ClobTypeDescriptor(DEFAULT))
2024-04-24T17:02:26.120+05:30 DEBUG 5824 --- [Vehicle Management Module] [           main] o.h.t.d.jdbc.spi.JdbcTypeRegistry        : addDescriptor(TimestampUtcDescriptor) replaced previous registration(TimestampUtcDescriptor)
2024-04-24T17:02:26.120+05:30 DEBUG 5824 --- [Vehicle Management Module] [           main] org.hibernate.type.BasicTypeRegistry     : Adding type registration org.hibernate.type.DurationType -> basicType@23(java.time.Duration,2)
2024-04-24T17:02:26.120+05:30 DEBUG 5824 --- [Vehicle Management Module] [           main] org.hibernate.type.BasicTypeRegistry     : Adding type registration Duration -> basicType@23(java.time.Duration,2)
2024-04-24T17:02:26.120+05:30 DEBUG 5824 --- [Vehicle Management Module] [           main] org.hibernate.type.BasicTypeRegistry     : Adding type registration java.time.Duration -> basicType@23(java.time.Duration,2)
2024-04-24T17:02:26.120+05:30 DEBUG 5824 --- [Vehicle Management Module] [           main] o.h.type.spi.TypeConfiguration$Scope     : Scoping TypeConfiguration [org.hibernate.type.spi.TypeConfiguration@6c76a792] to MetadataBuildingContext [org.hibernate.boot.internal.MetadataBuildingContextRootImpl@321325d7]
2024-04-24T17:02:26.121+05:30 DEBUG 5824 --- [Vehicle Management Module] [           main] o.h.boot.model.relational.Namespace      : Created database namespace [logicalName=Name{catalog=null, schema=null}, physicalName=Name{catalog=null, schema=null}]
2024-04-24T17:02:26.121+05:30 DEBUG 5824 --- [Vehicle Management Module] [           main] o.h.boot.model.internal.EntityBinder     : Binding entity from annotated class: com.cognizant.main.entities.VehicleDetails
2024-04-24T17:02:26.122+05:30 DEBUG 5824 --- [Vehicle Management Module] [           main] o.h.boot.model.internal.EntityBinder     : Import with entity name VehicleDetails
2024-04-24T17:02:26.122+05:30 DEBUG 5824 --- [Vehicle Management Module] [           main] o.h.boot.model.internal.EntityBinder     : Bind entity com.cognizant.main.entities.VehicleDetails on table vechile_details
2024-04-24T17:02:26.123+05:30 DEBUG 5824 --- [Vehicle Management Module] [           main] o.h.boot.model.internal.AnnotatedColumn  : Binding column: AnnotatedDiscriminatorColumn(column='DTYPE')
2024-04-24T17:02:26.125+05:30 DEBUG 5824 --- [Vehicle Management Module] [           main] o.h.boot.model.internal.AnnotatedColumn  : Binding column: AnnotatedColumn(column='Registration_No')
2024-04-24T17:02:26.126+05:30 DEBUG 5824 --- [Vehicle Management Module] [           main] o.h.boot.internal.ClassLoaderAccessImpl  : Not known whether passed class name [com.cognizant.main.entities.VehicleDetails] is safe
2024-04-24T17:02:26.126+05:30 DEBUG 5824 --- [Vehicle Management Module] [           main] o.h.boot.internal.ClassLoaderAccessImpl  : No temp ClassLoader provided; using live ClassLoader for loading potentially unsafe class : com.cognizant.main.entities.VehicleDetails
2024-04-24T17:02:26.126+05:30 DEBUG 5824 --- [Vehicle Management Module] [           main] o.h.boot.model.internal.PropertyBinder   : MetadataSourceProcessor property registrationNo with lazy=false
2024-04-24T17:02:26.126+05:30 DEBUG 5824 --- [Vehicle Management Module] [           main] o.h.b.m.internal.AbstractPropertyHolder  : Attempting to locate auto-apply AttributeConverter for property [com.cognizant.main.entities.VehicleDetails:registrationNo]
2024-04-24T17:02:26.126+05:30 DEBUG 5824 --- [Vehicle Management Module] [           main] o.h.b.model.internal.BasicValueBinder    : building BasicValue for registrationNo
2024-04-24T17:02:26.126+05:30 DEBUG 5824 --- [Vehicle Management Module] [           main] org.hibernate.mapping.BasicValue         : Skipping column re-registration: vechile_details.registration_no
2024-04-24T17:02:26.126+05:30 DEBUG 5824 --- [Vehicle Management Module] [           main] o.h.boot.model.internal.PropertyBinder   : Building property registrationNo
2024-04-24T17:02:26.126+05:30 DEBUG 5824 --- [Vehicle Management Module] [           main] o.h.boot.model.internal.BinderHelper     : #makeIdGenerator(BasicValue([Column(registration_no)]), registrationNo, assigned, , ...)
2024-04-24T17:02:26.127+05:30 DEBUG 5824 --- [Vehicle Management Module] [           main] o.h.boot.model.internal.AnnotatedColumn  : Binding column: AnnotatedColumn(column='Insurance_No')
2024-04-24T17:02:26.127+05:30 DEBUG 5824 --- [Vehicle Management Module] [           main] o.h.boot.model.internal.PropertyBinder   : MetadataSourceProcessor property InsuraceNo with lazy=false
2024-04-24T17:02:26.127+05:30 DEBUG 5824 --- [Vehicle Management Module] [           main] o.h.b.m.internal.AbstractPropertyHolder  : Attempting to locate auto-apply AttributeConverter for property [com.cognizant.main.entities.VehicleDetails:InsuraceNo]
2024-04-24T17:02:26.127+05:30 DEBUG 5824 --- [Vehicle Management Module] [           main] o.h.b.model.internal.BasicValueBinder    : building BasicValue for InsuraceNo
2024-04-24T17:02:26.128+05:30 DEBUG 5824 --- [Vehicle Management Module] [           main] org.hibernate.mapping.BasicValue         : Skipping column re-registration: vechile_details.insurance_no
2024-04-24T17:02:26.128+05:30 DEBUG 5824 --- [Vehicle Management Module] [           main] o.h.boot.model.internal.PropertyBinder   : Building property InsuraceNo
2024-04-24T17:02:26.128+05:30 DEBUG 5824 --- [Vehicle Management Module] [           main] o.h.boot.model.internal.AnnotatedColumn  : Binding column: AnnotatedColumn(column='Insurance_CertificateDOCURL')
2024-04-24T17:02:26.128+05:30 DEBUG 5824 --- [Vehicle Management Module] [           main] o.h.boot.model.internal.PropertyBinder   : MetadataSourceProcessor property InsuranceCertificateDOCURL with lazy=false
2024-04-24T17:02:26.128+05:30 DEBUG 5824 --- [Vehicle Management Module] [           main] o.h.b.m.internal.AbstractPropertyHolder  : Attempting to locate auto-apply AttributeConverter for property [com.cognizant.main.entities.VehicleDetails:InsuranceCertificateDOCURL]
2024-04-24T17:02:26.128+05:30 DEBUG 5824 --- [Vehicle Management Module] [           main] o.h.b.model.internal.BasicValueBinder    : building BasicValue for InsuranceCertificateDOCURL
2024-04-24T17:02:26.128+05:30 DEBUG 5824 --- [Vehicle Management Module] [           main] org.hibernate.mapping.BasicValue         : Skipping column re-registration: vechile_details.insurance_certificatedocurl
2024-04-24T17:02:26.129+05:30 DEBUG 5824 --- [Vehicle Management Module] [           main] o.h.boot.model.internal.PropertyBinder   : Building property InsuranceCertificateDOCURL
2024-04-24T17:02:26.129+05:30 DEBUG 5824 --- [Vehicle Management Module] [           main] o.h.boot.model.internal.AnnotatedColumn  : Binding column: AnnotatedColumn(column='Insurance_Company_Name')
2024-04-24T17:02:26.129+05:30 DEBUG 5824 --- [Vehicle Management Module] [           main] o.h.boot.model.internal.PropertyBinder   : MetadataSourceProcessor property InsuranceCompanyName with lazy=false
2024-04-24T17:02:26.129+05:30 DEBUG 5824 --- [Vehicle Management Module] [           main] o.h.b.m.internal.AbstractPropertyHolder  : Attempting to locate auto-apply AttributeConverter for property [com.cognizant.main.entities.VehicleDetails:InsuranceCompanyName]
2024-04-24T17:02:26.129+05:30 DEBUG 5824 --- [Vehicle Management Module] [           main] o.h.b.model.internal.BasicValueBinder    : building BasicValue for InsuranceCompanyName
2024-04-24T17:02:26.129+05:30 DEBUG 5824 --- [Vehicle Management Module] [           main] org.hibernate.mapping.BasicValue         : Skipping column re-registration: vechile_details.insurance_company_name
2024-04-24T17:02:26.129+05:30 DEBUG 5824 --- [Vehicle Management Module] [           main] o.h.boot.model.internal.PropertyBinder   : Building property InsuranceCompanyName
2024-04-24T17:02:26.140+05:30 DEBUG 5824 --- [Vehicle Management Module] [           main] o.h.boot.model.internal.AnnotatedColumn  : Binding column: AnnotatedColumn(column='Insurance_Expires_On')
2024-04-24T17:02:26.141+05:30 DEBUG 5824 --- [Vehicle Management Module] [           main] o.h.boot.model.internal.PropertyBinder   : MetadataSourceProcessor property InsuranceExpiresOn with lazy=false
2024-04-24T17:02:26.141+05:30 DEBUG 5824 --- [Vehicle Management Module] [           main] o.h.b.m.internal.AbstractPropertyHolder  : Attempting to locate auto-apply AttributeConverter for property [com.cognizant.main.entities.VehicleDetails:InsuranceExpiresOn]
2024-04-24T17:02:26.141+05:30 DEBUG 5824 --- [Vehicle Management Module] [           main] o.h.b.model.internal.BasicValueBinder    : building BasicValue for InsuranceExpiresOn
2024-04-24T17:02:26.141+05:30 DEBUG 5824 --- [Vehicle Management Module] [           main] org.hibernate.mapping.BasicValue         : Skipping column re-registration: vechile_details.insurance_expires_on
2024-04-24T17:02:26.141+05:30 DEBUG 5824 --- [Vehicle Management Module] [           main] o.h.boot.model.internal.PropertyBinder   : Building property InsuranceExpiresOn
2024-04-24T17:02:26.142+05:30 DEBUG 5824 --- [Vehicle Management Module] [           main] o.h.boot.model.internal.AnnotatedColumn  : Binding column: AnnotatedColumn(column='Insuranced_On')
2024-04-24T17:02:26.142+05:30 DEBUG 5824 --- [Vehicle Management Module] [           main] o.h.boot.model.internal.PropertyBinder   : MetadataSourceProcessor property InsurancedOn with lazy=false
2024-04-24T17:02:26.142+05:30 DEBUG 5824 --- [Vehicle Management Module] [           main] o.h.b.m.internal.AbstractPropertyHolder  : Attempting to locate auto-apply AttributeConverter for property [com.cognizant.main.entities.VehicleDetails:InsurancedOn]
2024-04-24T17:02:26.142+05:30 DEBUG 5824 --- [Vehicle Management Module] [           main] o.h.b.model.internal.BasicValueBinder    : building BasicValue for InsurancedOn
2024-04-24T17:02:26.142+05:30 DEBUG 5824 --- [Vehicle Management Module] [           main] org.hibernate.mapping.BasicValue         : Skipping column re-registration: vechile_details.insuranced_on
2024-04-24T17:02:26.142+05:30 DEBUG 5824 --- [Vehicle Management Module] [           main] o.h.boot.model.internal.PropertyBinder   : Building property InsurancedOn
2024-04-24T17:02:26.142+05:30 DEBUG 5824 --- [Vehicle Management Module] [           main] o.h.boot.model.internal.AnnotatedColumn  : Binding column: AnnotatedColumn(column='PUCCertificate_No')
2024-04-24T17:02:26.142+05:30 DEBUG 5824 --- [Vehicle Management Module] [           main] o.h.boot.model.internal.PropertyBinder   : MetadataSourceProcessor property PUCCertificateNo with lazy=false
2024-04-24T17:02:26.143+05:30 DEBUG 5824 --- [Vehicle Management Module] [           main] o.h.b.m.internal.AbstractPropertyHolder  : Attempting to locate auto-apply AttributeConverter for property [com.cognizant.main.entities.VehicleDetails:PUCCertificateNo]
2024-04-24T17:02:26.143+05:30 DEBUG 5824 --- [Vehicle Management Module] [           main] o.h.b.model.internal.BasicValueBinder    : building BasicValue for PUCCertificateNo
2024-04-24T17:02:26.143+05:30 DEBUG 5824 --- [Vehicle Management Module] [           main] org.hibernate.mapping.BasicValue         : Skipping column re-registration: vechile_details.puccertificate_no
2024-04-24T17:02:26.143+05:30 DEBUG 5824 --- [Vehicle Management Module] [           main] o.h.boot.model.internal.PropertyBinder   : Building property PUCCertificateNo
2024-04-24T17:02:26.143+05:30 DEBUG 5824 --- [Vehicle Management Module] [           main] o.h.boot.model.internal.AnnotatedColumn  : Binding column: AnnotatedColumn(column='PUCDOCURL')
2024-04-24T17:02:26.143+05:30 DEBUG 5824 --- [Vehicle Management Module] [           main] o.h.boot.model.internal.PropertyBinder   : MetadataSourceProcessor property PUCDOCURL with lazy=false
2024-04-24T17:02:26.143+05:30 DEBUG 5824 --- [Vehicle Management Module] [           main] o.h.b.m.internal.AbstractPropertyHolder  : Attempting to locate auto-apply AttributeConverter for property [com.cognizant.main.entities.VehicleDetails:PUCDOCURL]
2024-04-24T17:02:26.143+05:30 DEBUG 5824 --- [Vehicle Management Module] [           main] o.h.b.model.internal.BasicValueBinder    : building BasicValue for PUCDOCURL
2024-04-24T17:02:26.145+05:30 DEBUG 5824 --- [Vehicle Management Module] [           main] org.hibernate.mapping.BasicValue         : Skipping column re-registration: vechile_details.pucdocurl
2024-04-24T17:02:26.145+05:30 DEBUG 5824 --- [Vehicle Management Module] [           main] o.h.boot.model.internal.PropertyBinder   : Building property PUCDOCURL
2024-04-24T17:02:26.145+05:30 DEBUG 5824 --- [Vehicle Management Module] [           main] o.h.boot.model.internal.AnnotatedColumn  : Binding column: AnnotatedColumn(column='PUCIssued_On')
2024-04-24T17:02:26.145+05:30 DEBUG 5824 --- [Vehicle Management Module] [           main] o.h.boot.model.internal.PropertyBinder   : MetadataSourceProcessor property PUCIssuedOn with lazy=false
[...]
2024-04-24T17:02:27.190+05:30 DEBUG 5824 --- [Vehicle Management Module] [           main] org.springframework.test.context.cache   : Spring test ApplicationContext cache statistics: [DefaultContextCache@491cceb4 size = 2, maxSize = 32, parentContextCount = 0, hitCount = 69, missCount = 2, failureCount = 0]
2024-04-24T17:02:27.190+05:30 DEBUG 5824 --- [Vehicle Management Module] [           main] org.springframework.test.context.cache   : Spring test ApplicationContext cache statistics: [DefaultContextCache@491cceb4 size = 2, maxSize = 32, parentContextCount = 0, hitCount = 70, missCount = 2, failureCount = 0]
2024-04-24T17:02:27.191+05:30 DEBUG 5824 --- [Vehicle Management Module] [           main] org.springframework.test.context.cache   : Spring test ApplicationContext cache statistics: [DefaultContextCache@491cceb4 size = 2, maxSize = 32, parentContextCount = 0, hitCount = 71, missCount = 2, failureCount = 0]
2024-04-24T17:02:27.191+05:30 DEBUG 5824 --- [Vehicle Management Module] [           main] o.s.orm.jpa.JpaTransactionManager        : Initiating transaction rollback
2024-04-24T17:02:27.191+05:30 DEBUG 5824 --- [Vehicle Management Module] [           main] o.s.orm.jpa.JpaTransactionManager        : Rolling back JPA transaction on EntityManager [SessionImpl(222206868<open>)]
2024-04-24T17:02:27.191+05:30 DEBUG 5824 --- [Vehicle Management Module] [           main] o.h.e.t.internal.TransactionImpl         : rolling back
2024-04-24T17:02:27.191+05:30 DEBUG 5824 --- [Vehicle Management Module] [           main] o.s.orm.jpa.JpaTransactionManager        : Closing JPA EntityManager [SessionImpl(222206868<open>)] after transaction
2024-04-24T17:02:27.193+05:30 DEBUG 5824 --- [Vehicle Management Module] [           main] o.s.t.c.transaction.TransactionContext   : Rolled back transaction (1) for test class [com.cognizant.main.TestVehicleDetailsRepository]; test method [testDeletePositive]
2024-04-24T17:02:27.193+05:30 DEBUG 5824 --- [Vehicle Management Module] [           main] .c.s.DirtiesContextTestExecutionListener : After test method: class [TestVehicleDetailsRepository], method [testDeletePositive], class annotated with @DirtiesContext [false] with mode [null], method annotated with @DirtiesContext [false] with mode [null]
]]></system-out>
  </testcase>
  <testcase name="testFindAllPositive" classname="com.cognizant.main.TestVehicleDetailsRepository" time="0.088">
    <system-out><![CDATA[2024-04-24T17:02:27.194+05:30 DEBUG 5824 --- [Vehicle Management Module] [           main] DependencyInjectionTestExecutionListener : Performing dependency injection for test class com.cognizant.main.TestVehicleDetailsRepository
2024-04-24T17:02:27.194+05:30 DEBUG 5824 --- [Vehicle Management Module] [           main] org.springframework.test.context.cache   : Spring test ApplicationContext cache statistics: [DefaultContextCache@491cceb4 size = 2, maxSize = 32, parentContextCount = 0, hitCount = 72, missCount = 2, failureCount = 0]
2024-04-24T17:02:27.195+05:30 DEBUG 5824 --- [Vehicle Management Module] [           main] org.springframework.test.context.cache   : Spring test ApplicationContext cache statistics: [DefaultContextCache@491cceb4 size = 2, maxSize = 32, parentContextCount = 0, hitCount = 73, missCount = 2, failureCount = 0]
2024-04-24T17:02:27.196+05:30 DEBUG 5824 --- [Vehicle Management Module] [           main] sContextBeforeModesTestExecutionListener : Before test method: class [TestVehicleDetailsRepository], method [testFindAllPositive], class annotated with @DirtiesContext [false] with mode [null], method annotated with @DirtiesContext [false] with mode [null]
2024-04-24T17:02:27.196+05:30 DEBUG 5824 --- [Vehicle Management Module] [           main] t.c.t.TransactionalTestExecutionListener : Explicit transaction definition [PROPAGATION_REQUIRED,ISOLATION_DEFAULT] found for test class [com.cognizant.main.TestVehicleDetailsRepository] and test method [testFindAllPositive]
2024-04-24T17:02:27.197+05:30 DEBUG 5824 --- [Vehicle Management Module] [           main] org.springframework.test.context.cache   : Spring test ApplicationContext cache statistics: [DefaultContextCache@491cceb4 size = 2, maxSize = 32, parentContextCount = 0, hitCount = 74, missCount = 2, failureCount = 0]
2024-04-24T17:02:27.197+05:30 DEBUG 5824 --- [Vehicle Management Module] [           main] t.c.t.TransactionalTestExecutionListener : No method-level @Rollback override: using default rollback [true] for test method [public void com.cognizant.main.TestVehicleDetailsRepository.testFindAllPositive()]
2024-04-24T17:02:27.197+05:30 DEBUG 5824 --- [Vehicle Management Module] [           main] o.s.orm.jpa.JpaTransactionManager        : Creating new transaction with name [com.cognizant.main.TestVehicleDetailsRepository.testFindAllPositive]: PROPAGATION_REQUIRED,ISOLATION_DEFAULT
2024-04-24T17:02:27.197+05:30 DEBUG 5824 --- [Vehicle Management Module] [           main] o.s.orm.jpa.JpaTransactionManager        : Opened new EntityManager [SessionImpl(551578246<open>)] for JPA transaction
2024-04-24T17:02:27.197+05:30 DEBUG 5824 --- [Vehicle Management Module] [           main] o.h.e.t.internal.TransactionImpl         : On TransactionImpl creation, JpaCompliance#isJpaTransactionComplianceEnabled == false
2024-04-24T17:02:27.197+05:30 DEBUG 5824 --- [Vehicle Management Module] [           main] o.h.e.t.internal.TransactionImpl         : begin
2024-04-24T17:02:27.198+05:30 DEBUG 5824 --- [Vehicle Management Module] [           main] o.s.j.datasource.SimpleDriverDataSource  : Creating new JDBC Driver Connection to [jdbc:h2:mem:77e5e59b-9028-4692-bf3e-2dbb97a1edaf;DB_CLOSE_DELAY=-1;DB_CLOSE_ON_EXIT=false]
2024-04-24T17:02:27.198+05:30 DEBUG 5824 --- [Vehicle Management Module] [           main] o.s.orm.jpa.JpaTransactionManager        : Exposing JPA transaction as JDBC [org.springframework.orm.jpa.vendor.HibernateJpaDialect$HibernateConnectionHandle@2fea162a]
2024-04-24T17:02:27.199+05:30 DEBUG 5824 --- [Vehicle Management Module] [           main] o.s.t.c.transaction.TransactionContext   : Began transaction (1) for test class [com.cognizant.main.TestVehicleDetailsRepository]; test method [testFindAllPositive]; transaction manager [org.springframework.orm.jpa.JpaTransactionManager@82b778b]; rollback [true]
2024-04-24T17:02:27.199+05:30 DEBUG 5824 --- [Vehicle Management Module] [           main] org.springframework.test.context.cache   : Spring test ApplicationContext cache statistics: [DefaultContextCache@491cceb4 size = 2, maxSize = 32, parentContextCount = 0, hitCount = 75, missCount = 2, failureCount = 0]
2024-04-24T17:02:27.199+05:30 DEBUG 5824 --- [Vehicle Management Module] [           main] org.springframework.test.context.cache   : Spring test ApplicationContext cache statistics: [DefaultContextCache@491cceb4 size = 2, maxSize = 32, parentContextCount = 0, hitCount = 76, missCount = 2, failureCount = 0]
2024-04-24T17:02:27.200+05:30 DEBUG 5824 --- [Vehicle Management Module] [           main] org.springframework.test.context.cache   : Spring test ApplicationContext cache statistics: [DefaultContextCache@491cceb4 size = 2, maxSize = 32, parentContextCount = 0, hitCount = 77, missCount = 2, failureCount = 0]
2024-04-24T17:02:27.200+05:30 DEBUG 5824 --- [Vehicle Management Module] [           main] o.s.orm.jpa.JpaTransactionManager        : Found thread-bound EntityManager [SessionImpl(551578246<open>)] for JPA transaction
2024-04-24T17:02:27.201+05:30 DEBUG 5824 --- [Vehicle Management Module] [           main] o.s.orm.jpa.JpaTransactionManager        : Participating in existing transaction
2024-04-24T17:02:27.201+05:30 DEBUG 5824 --- [Vehicle Management Module] [           main] o.h.j.internal.PersistenceUnitUtilImpl   : jakarta.persistence.PersistenceUnitUtil.getIdentifier is only intended to work with enhanced entities (although Hibernate also adapts this support to its proxies); however the passed entity was not enhanced (nor a proxy).. may not be able to read identifier
2024-04-24T17:02:27.201+05:30 DEBUG 5824 --- [Vehicle Management Module] [           main] org.hibernate.orm.sql.exec               : Skipping reading Query result cache data: cache-enabled = false, cache-mode = IGNORE
2024-04-24T17:02:27.201+05:30 DEBUG 5824 --- [Vehicle Management Module] [           main] org.hibernate.orm.results                : Initializer list:
	  com.cognizant.main.entities.VehicleDetails -> EntityResultInitializer(com.cognizant.main.entities.VehicleDetails)@1671393364 (SingleTableEntityPersister(com.cognizant.main.entities.VehicleDetails))

2024-04-24T17:02:27.201+05:30 DEBUG 5824 --- [Vehicle Management Module] [           main] org.hibernate.SQL                        : select vd1_0.registration_no,vd1_0.insurance_no,vd1_0.insurance_certificatedocurl,vd1_0.insurance_company_name,vd1_0.insurance_expires_on,vd1_0.insuranced_on,vd1_0.puccertificate_no,vd1_0.pucdocurl,vd1_0.pucissued_on,vd1_0.pucvalid_until,vd1_0.rcdocurl,vd1_0.rtoname,vd1_0.registration_date,vd1_0.registration_expires_on from vechile_details vd1_0 where vd1_0.registration_no=?
Hibernate: select vd1_0.registration_no,vd1_0.insurance_no,vd1_0.insurance_certificatedocurl,vd1_0.insurance_company_name,vd1_0.insurance_expires_on,vd1_0.insuranced_on,vd1_0.puccertificate_no,vd1_0.pucdocurl,vd1_0.pucissued_on,vd1_0.pucvalid_until,vd1_0.rcdocurl,vd1_0.rtoname,vd1_0.registration_date,vd1_0.registration_expires_on from vechile_details vd1_0 where vd1_0.registration_no=?
2024-04-24T17:02:27.206+05:30 DEBUG 5824 --- [Vehicle Management Module] [           main] o.s.orm.jpa.JpaTransactionManager        : Found thread-bound EntityManager [SessionImpl(551578246<open>)] for JPA transaction
2024-04-24T17:02:27.206+05:30 DEBUG 5824 --- [Vehicle Management Module] [           main] o.s.orm.jpa.JpaTransactionManager        : Participating in existing transaction
2024-04-24T17:02:27.207+05:30 DEBUG 5824 --- [Vehicle Management Module] [           main] org.hibernate.orm.sql.ast.create         : Created new SQL alias : vd1_0
2024-04-24T17:02:27.207+05:30 DEBUG 5824 --- [Vehicle Management Module] [           main] org.hibernate.orm.sql.ast.create         : Registration of TableGroup [StandardTableGroup(com.cognizant.main.entities.VehicleDetails(104028312766000))] with identifierForTableGroup [com.cognizant.main.entities.VehicleDetails] for NavigablePath [com.cognizant.main.entities.VehicleDetails] 
2024-04-24T17:02:27.208+05:30 DEBUG 5824 --- [Vehicle Management Module] [           main] org.hibernate.orm.results.graph.AST      : DomainResult Graph:
 \-EntityResultImpl [com.cognizant.main.entities.VehicleDetails(104028312766000)]
 |  +-BasicFetch [com.cognizant.main.entities.VehicleDetails(104028312766000).InsuraceNo]
 |  +-BasicFetch [com.cognizant.main.entities.VehicleDetails(104028312766000).InsuranceCertificateDOCURL]
 |  +-BasicFetch [com.cognizant.main.entities.VehicleDetails(104028312766000).InsuranceCompanyName]
 |  +-BasicFetch [com.cognizant.main.entities.VehicleDetails(104028312766000).InsuranceExpiresOn]
 |  +-BasicFetch [com.cognizant.main.entities.VehicleDetails(104028312766000).InsurancedOn]
 |  +-BasicFetch [com.cognizant.main.entities.VehicleDetails(104028312766000).PUCCertificateNo]
 |  +-BasicFetch [com.cognizant.main.entities.VehicleDetails(104028312766000).PUCDOCURL]
 |  +-BasicFetch [com.cognizant.main.entities.VehicleDetails(104028312766000).PUCIssuedOn]
 |  +-BasicFetch [com.cognizant.main.entities.VehicleDetails(104028312766000).PUCValidUntil]
 |  +-BasicFetch [com.cognizant.main.entities.VehicleDetails(104028312766000).RCDocURL]
 |  +-BasicFetch [com.cognizant.main.entities.VehicleDetails(104028312766000).RTOName]
 |  +-BasicFetch [com.cognizant.main.entities.VehicleDetails(104028312766000).RegistrationDate]
 |  \-BasicFetch [com.cognizant.main.entities.VehicleDetails(104028312766000).RegistrationExpiresOn]

2024-04-24T17:02:27.208+05:30 DEBUG 5824 --- [Vehicle Management Module] [           main] org.hibernate.orm.sql.ast.tree           : SQL AST Tree:
    SelectStatement {
      FromClause {
        StandardTableGroup (vd1 : com.cognizant.main.entities.VehicleDetails(104028312766000)) {
          primaryTableReference : vechile_details as vd1_0
        }
      }
    }

2024-04-24T17:02:27.209+05:30 DEBUG 5824 --- [Vehicle Management Module] [           main] o.h.e.i.AbstractFlushingEventListener    : Processing flush-time cascades
2024-04-24T17:02:27.215+05:30 DEBUG 5824 --- [Vehicle Management Module] [           main] o.h.e.i.AbstractFlushingEventListener    : Dirty checking collections
2024-04-24T17:02:27.231+05:30 DEBUG 5824 --- [Vehicle Management Module] [           main] o.h.e.i.AbstractFlushingEventListener    : Flushed: 1 insertions, 0 updates, 0 deletions to 1 objects
2024-04-24T17:02:27.231+05:30 DEBUG 5824 --- [Vehicle Management Module] [           main] o.h.e.i.AbstractFlushingEventListener    : Flushed: 0 (re)creations, 0 updates, 0 removals to 0 collections
2024-04-24T17:02:27.234+05:30 DEBUG 5824 --- [Vehicle Management Module] [           main] o.hibernate.internal.util.EntityPrinter  : Listing entities:
2024-04-24T17:02:27.234+05:30 DEBUG 5824 --- [Vehicle Management Module] [           main] o.hibernate.internal.util.EntityPrinter  : com.cognizant.main.entities.VehicleDetails{InsuranceCertificateDOCURL=certificate, InsurancedOn=2024-04-24, RegistrationDate=2024-04-24, InsuranceCompanyName=name, RegistrationExpiresOn=2024-04-24, PUCIssuedOn=2024-04-24, RTOName=rto, InsuranceExpiresOn=2024-04-24, PUCCertificateNo=98, registrationNo=number, PUCValidUntil=2024-04-24, RCDocURL=rcdoc, InsuraceNo=78, PUCDOCURL=url}
2024-04-24T17:02:27.235+05:30 DEBUG 5824 --- [Vehicle Management Module] [           main] org.hibernate.engine.spi.ActionQueue     : Changes must be flushed to space: vechile_details
2024-04-24T17:02:27.255+05:30 DEBUG 5824 --- [Vehicle Management Module] [           main] org.hibernate.SQL                        : insert into vechile_details (insurance_no,insurance_certificatedocurl,insurance_company_name,insurance_expires_on,insuranced_on,puccertificate_no,pucdocurl,pucissued_on,pucvalid_until,rcdocurl,rtoname,registration_date,registration_expires_on,registration_no) values (?,?,?,?,?,?,?,?,?,?,?,?,?,?)
Hibernate: insert into vechile_details (insurance_no,insurance_certificatedocurl,insurance_company_name,insurance_expires_on,insuranced_on,puccertificate_no,pucdocurl,pucissued_on,pucvalid_until,rcdocurl,rtoname,registration_date,registration_expires_on,registration_no) values (?,?,?,?,?,?,?,?,?,?,?,?,?,?)
2024-04-24T17:02:27.271+05:30 DEBUG 5824 --- [Vehicle Management Module] [           main] org.hibernate.orm.sql.exec               : Skipping reading Query result cache data: cache-enabled = false, cache-mode = NORMAL
2024-04-24T17:02:27.271+05:30 DEBUG 5824 --- [Vehicle Management Module] [           main] org.hibernate.orm.results                : Initializer list:
	  com.cognizant.main.entities.VehicleDetails(104028312766000) -> EntityResultInitializer(com.cognizant.main.entities.VehicleDetails(104028312766000))@1237408466 (SingleTableEntityPersister(com.cognizant.main.entities.VehicleDetails))

2024-04-24T17:02:27.272+05:30 DEBUG 5824 --- [Vehicle Management Module] [           main] org.hibernate.SQL                        : select vd1_0.registration_no,vd1_0.insurance_no,vd1_0.insurance_certificatedocurl,vd1_0.insurance_company_name,vd1_0.insurance_expires_on,vd1_0.insuranced_on,vd1_0.puccertificate_no,vd1_0.pucdocurl,vd1_0.pucissued_on,vd1_0.pucvalid_until,vd1_0.rcdocurl,vd1_0.rtoname,vd1_0.registration_date,vd1_0.registration_expires_on from vechile_details vd1_0
Hibernate: select vd1_0.registration_no,vd1_0.insurance_no,vd1_0.insurance_certificatedocurl,vd1_0.insurance_company_name,vd1_0.insurance_expires_on,vd1_0.insuranced_on,vd1_0.puccertificate_no,vd1_0.pucdocurl,vd1_0.pucissued_on,vd1_0.pucvalid_until,vd1_0.rcdocurl,vd1_0.rtoname,vd1_0.registration_date,vd1_0.registration_expires_on from vechile_details vd1_0
2024-04-24T17:02:27.278+05:30 DEBUG 5824 --- [Vehicle Management Module] [           main] org.hibernate.orm.results                : Extracted JDBC value [0] - [number]
2024-04-24T17:02:27.278+05:30 DEBUG 5824 --- [Vehicle Management Module] [           main] o.hibernate.orm.results.loading.entity   : (EntityResultInitializer) Hydrated EntityKey (com.cognizant.main.entities.VehicleDetails(104028312766000)): number
2024-04-24T17:02:27.278+05:30 DEBUG 5824 --- [Vehicle Management Module] [           main] org.hibernate.orm.results.loading        : Calling top-level assembler (0 / 1) : org.hibernate.sql.results.graph.entity.internal.EntityAssembler@1f600254
2024-04-24T17:02:27.279+05:30 DEBUG 5824 --- [Vehicle Management Module] [           main] org.springframework.test.context.cache   : Spring test ApplicationContext cache statistics: [DefaultContextCache@491cceb4 size = 2, maxSize = 32, parentContextCount = 0, hitCount = 78, missCount = 2, failureCount = 0]
2024-04-24T17:02:27.279+05:30 DEBUG 5824 --- [Vehicle Management Module] [           main] org.springframework.test.context.cache   : Spring test ApplicationContext cache statistics: [DefaultContextCache@491cceb4 size = 2, maxSize = 32, parentContextCount = 0, hitCount = 79, missCount = 2, failureCount = 0]
2024-04-24T17:02:27.279+05:30 DEBUG 5824 --- [Vehicle Management Module] [           main] org.springframework.test.context.cache   : Spring test ApplicationContext cache statistics: [DefaultContextCache@491cceb4 size = 2, maxSize = 32, parentContextCount = 0, hitCount = 80, missCount = 2, failureCount = 0]
2024-04-24T17:02:27.280+05:30 DEBUG 5824 --- [Vehicle Management Module] [           main] org.springframework.test.context.cache   : Spring test ApplicationContext cache statistics: [DefaultContextCache@491cceb4 size = 2, maxSize = 32, parentContextCount = 0, hitCount = 81, missCount = 2, failureCount = 0]
2024-04-24T17:02:27.280+05:30 DEBUG 5824 --- [Vehicle Management Module] [           main] org.springframework.test.context.cache   : Spring test ApplicationContext cache statistics: [DefaultContextCache@491cceb4 size = 2, maxSize = 32, parentContextCount = 0, hitCount = 82, missCount = 2, failureCount = 0]
2024-04-24T17:02:27.281+05:30 DEBUG 5824 --- [Vehicle Management Module] [           main] org.springframework.test.context.cache   : Spring test ApplicationContext cache statistics: [DefaultContextCache@491cceb4 size = 2, maxSize = 32, parentContextCount = 0, hitCount = 83, missCount = 2, failureCount = 0]
2024-04-24T17:02:27.281+05:30 DEBUG 5824 --- [Vehicle Management Module] [           main] o.s.orm.jpa.JpaTransactionManager        : Initiating transaction rollback
2024-04-24T17:02:27.281+05:30 DEBUG 5824 --- [Vehicle Management Module] [           main] o.s.orm.jpa.JpaTransactionManager        : Rolling back JPA transaction on EntityManager [SessionImpl(551578246<open>)]
2024-04-24T17:02:27.281+05:30 DEBUG 5824 --- [Vehicle Management Module] [           main] o.h.e.t.internal.TransactionImpl         : rolling back
2024-04-24T17:02:27.282+05:30 DEBUG 5824 --- [Vehicle Management Module] [           main] o.s.orm.jpa.JpaTransactionManager        : Closing JPA EntityManager [SessionImpl(551578246<open>)] after transaction
2024-04-24T17:02:27.282+05:30 DEBUG 5824 --- [Vehicle Management Module] [           main] o.s.t.c.transaction.TransactionContext   : Rolled back transaction (1) for test class [com.cognizant.main.TestVehicleDetailsRepository]; test method [testFindAllPositive]
2024-04-24T17:02:27.283+05:30 DEBUG 5824 --- [Vehicle Management Module] [           main] .c.s.DirtiesContextTestExecutionListener : After test method: class [TestVehicleDetailsRepository], method [testFindAllPositive], class annotated with @DirtiesContext [false] with mode [null], method annotated with @DirtiesContext [false] with mode [null]
]]></system-out>
  </testcase>
</testsuite>